TN:
SF:src/domainProfile/index.ts
FN:11,(anonymous_0)
FN:24,(anonymous_1)
FN:35,(anonymous_2)
FN:47,(anonymous_3)
FN:59,(anonymous_4)
FN:71,(anonymous_5)
FN:83,(anonymous_6)
FN:95,(anonymous_7)
FNF:8
FNH:6
FNDA:0,(anonymous_0)
FNDA:0,(anonymous_1)
FNDA:11,(anonymous_2)
FNDA:8,(anonymous_3)
FNDA:9,(anonymous_4)
FNDA:2,(anonymous_5)
FNDA:4,(anonymous_6)
FNDA:5,(anonymous_7)
DA:2,1
DA:3,1
DA:5,1
DA:6,1
DA:8,1
DA:9,1
DA:11,1
DA:14,0
DA:19,1
DA:24,1
DA:27,0
DA:35,1
DA:37,11
DA:40,11
DA:41,0
DA:44,11
DA:47,1
DA:49,8
DA:52,8
DA:53,0
DA:56,8
DA:59,1
DA:61,9
DA:64,9
DA:65,1
DA:68,8
DA:71,1
DA:73,2
DA:76,2
DA:77,0
DA:80,2
DA:83,1
DA:85,4
DA:88,4
DA:89,1
DA:92,3
DA:95,1
DA:99,5
DA:101,1
DA:104,1
DA:107,1
DA:110,1
DA:113,1
DA:116,0
LF:44
LH:38
BRDA:37,0,0,11
BRDA:37,0,1,0
BRDA:40,1,0,0
BRDA:44,2,0,11
BRDA:44,2,1,2
BRDA:49,3,0,8
BRDA:49,3,1,0
BRDA:52,4,0,0
BRDA:56,5,0,8
BRDA:56,5,1,1
BRDA:61,6,0,9
BRDA:61,6,1,1
BRDA:64,7,0,1
BRDA:73,8,0,2
BRDA:73,8,1,0
BRDA:76,9,0,0
BRDA:85,10,0,4
BRDA:85,10,1,1
BRDA:88,11,0,1
BRDA:99,12,0,1
BRDA:99,12,1,1
BRDA:99,12,2,1
BRDA:99,12,3,1
BRDA:99,12,4,1
BRDA:99,12,5,0
BRF:25
BRH:18
end_of_record
TN:
SF:src/domainProfile/types.ts
FN:1,(anonymous_0)
FN:7,(anonymous_1)
FN:63,(anonymous_2)
FNF:3
FNH:3
FNDA:1,(anonymous_0)
FNDA:1,(anonymous_1)
FNDA:1,(anonymous_2)
DA:1,1
DA:2,1
DA:3,1
DA:4,1
DA:7,1
DA:8,1
DA:9,1
DA:10,1
DA:11,1
DA:12,1
DA:63,1
DA:64,1
DA:65,1
DA:66,1
DA:67,1
DA:68,1
DA:69,1
DA:70,1
LF:18
LH:18
BRDA:1,0,0,1
BRDA:1,0,1,1
BRDA:7,1,0,1
BRDA:7,1,1,1
BRDA:63,2,0,1
BRDA:63,2,1,1
BRF:6
BRH:6
end_of_record
TN:
SF:src/domainProfile/utils.ts
FNF:0
FNH:0
DA:1,1
DA:3,1
DA:22,1
LF:3
LH:3
BRF:0
BRH:0
end_of_record
