{"total": {"lines":{"total":146,"covered":102,"skipped":0,"pct":69.86},"statements":{"total":166,"covered":119,"skipped":0,"pct":71.68},"functions":{"total":35,"covered":15,"skipped":0,"pct":42.85},"branches":{"total":55,"covered":19,"skipped":0,"pct":34.54},"branchesTrue":{"total":0,"covered":0,"skipped":0,"pct":100}}
,"/home/runner/work/unstoppable-domains-website/unstoppable-domains-website/shared/src/domain/index.ts": {"lines":{"total":95,"covered":52,"skipped":0,"pct":54.73},"functions":{"total":25,"covered":6,"skipped":0,"pct":24},"statements":{"total":113,"covered":67,"skipped":0,"pct":59.29},"branches":{"total":36,"covered":0,"skipped":0,"pct":0}}
,"/home/runner/work/unstoppable-domains-website/unstoppable-domains-website/shared/src/domain/types.ts": {"lines":{"total":36,"covered":36,"skipped":0,"pct":100},"functions":{"total":7,"covered":7,"skipped":0,"pct":100},"statements":{"total":36,"covered":36,"skipped":0,"pct":100},"branches":{"total":14,"covered":14,"skipped":0,"pct":100}}
,"/home/runner/work/unstoppable-domains-website/unstoppable-domains-website/shared/src/session/index.ts": {"lines":{"total":12,"covered":11,"skipped":0,"pct":91.66},"functions":{"total":2,"covered":1,"skipped":0,"pct":50},"statements":{"total":14,"covered":13,"skipped":0,"pct":92.85},"branches":{"total":3,"covered":3,"skipped":0,"pct":100}}
,"/home/runner/work/unstoppable-domains-website/unstoppable-domains-website/shared/src/session/types.ts": {"lines":{"total":3,"covered":3,"skipped":0,"pct":100},"functions":{"total":1,"covered":1,"skipped":0,"pct":100},"statements":{"total":3,"covered":3,"skipped":0,"pct":100},"branches":{"total":2,"covered":2,"skipped":0,"pct":100}}
}
