{"/home/runner/work/unstoppable-domains-website/unstoppable-domains-website/shared/src/domain/index.ts": {"path":"/home/runner/work/unstoppable-domains-website/unstoppable-domains-website/shared/src/domain/index.ts","statementMap":{"0":{"start":{"line":1,"column":0},"end":{"line":1,"column":32}},"1":{"start":{"line":8,"column":0},"end":{"line":8,"column":null}},"2":{"start":{"line":13,"column":0},"end":{"line":13,"column":47}},"3":{"start":{"line":19,"column":33},"end":{"line":19,"column":62}},"4":{"start":{"line":21,"column":28},"end":{"line":34,"column":1}},"5":{"start":{"line":22,"column":2},"end":{"line":24,"column":null}},"6":{"start":{"line":23,"column":4},"end":{"line":23,"column":17}},"7":{"start":{"line":27,"column":2},"end":{"line":29,"column":null}},"8":{"start":{"line":28,"column":4},"end":{"line":28,"column":17}},"9":{"start":{"line":31,"column":18},"end":{"line":31,"column":37}},"10":{"start":{"line":33,"column":2},"end":{"line":33,"column":35}},"11":{"start":{"line":36,"column":0},"end":{"line":36,"column":24}},"12":{"start":{"line":38,"column":13},"end":{"line":38,"column":43}},"13":{"start":{"line":40,"column":13},"end":{"line":40,"column":73}},"14":{"start":{"line":41,"column":13},"end":{"line":43,"column":2}},"15":{"start":{"line":46,"column":13},"end":{"line":46,"column":76}},"16":{"start":{"line":50,"column":13},"end":{"line":53,"column":2}},"17":{"start":{"line":61,"column":41},"end":{"line":97,"column":1}},"18":{"start":{"line":69,"column":2},"end":{"line":96,"column":5}},"19":{"start":{"line":70,"column":4},"end":{"line":72,"column":null}},"20":{"start":{"line":71,"column":6},"end":{"line":71,"column":19}},"21":{"start":{"line":74,"column":4},"end":{"line":76,"column":null}},"22":{"start":{"line":75,"column":6},"end":{"line":75,"column":19}},"23":{"start":{"line":78,"column":4},"end":{"line":83,"column":null}},"24":{"start":{"line":82,"column":6},"end":{"line":82,"column":19}},"25":{"start":{"line":85,"column":4},"end":{"line":87,"column":null}},"26":{"start":{"line":86,"column":6},"end":{"line":86,"column":19}},"27":{"start":{"line":89,"column":4},"end":{"line":91,"column":null}},"28":{"start":{"line":90,"column":6},"end":{"line":90,"column":19}},"29":{"start":{"line":93,"column":4},"end":{"line":95,"column":7}},"30":{"start":{"line":61,"column":13},"end":{"line":61,"column":41}},"31":{"start":{"line":99,"column":13},"end":{"line":101,"column":39}},"32":{"start":{"line":103,"column":13},"end":{"line":106,"column":2}},"33":{"start":{"line":108,"column":27},"end":{"line":116,"column":1}},"34":{"start":{"line":111,"column":19},"end":{"line":111,"column":36}},"35":{"start":{"line":112,"column":20},"end":{"line":112,"column":35}},"36":{"start":{"line":114,"column":16},"end":{"line":114,"column":34}},"37":{"start":{"line":115,"column":2},"end":{"line":115,"column":60}},"38":{"start":{"line":108,"column":13},"end":{"line":108,"column":27}},"39":{"start":{"line":118,"column":31},"end":{"line":124,"column":1}},"40":{"start":{"line":122,"column":22},"end":{"line":122,"column":41}},"41":{"start":{"line":123,"column":2},"end":{"line":123,"column":36}},"42":{"start":{"line":118,"column":13},"end":{"line":118,"column":31}},"43":{"start":{"line":126,"column":29},"end":{"line":132,"column":1}},"44":{"start":{"line":127,"column":2},"end":{"line":131,"column":null}},"45":{"start":{"line":128,"column":4},"end":{"line":128,"column":36}},"46":{"start":{"line":130,"column":4},"end":{"line":130,"column":18}},"47":{"start":{"line":126,"column":13},"end":{"line":126,"column":29}},"48":{"start":{"line":134,"column":31},"end":{"line":140,"column":1}},"49":{"start":{"line":135,"column":2},"end":{"line":139,"column":null}},"50":{"start":{"line":136,"column":4},"end":{"line":136,"column":38}},"51":{"start":{"line":138,"column":4},"end":{"line":138,"column":18}},"52":{"start":{"line":134,"column":13},"end":{"line":134,"column":31}},"53":{"start":{"line":142,"column":40},"end":{"line":150,"column":1}},"54":{"start":{"line":143,"column":2},"end":{"line":145,"column":null}},"55":{"start":{"line":144,"column":4},"end":{"line":144,"column":17}},"56":{"start":{"line":147,"column":22},"end":{"line":147,"column":41}},"57":{"start":{"line":149,"column":2},"end":{"line":149,"column":75}},"58":{"start":{"line":142,"column":13},"end":{"line":142,"column":40}},"59":{"start":{"line":152,"column":37},"end":{"line":160,"column":1}},"60":{"start":{"line":153,"column":2},"end":{"line":155,"column":null}},"61":{"start":{"line":154,"column":4},"end":{"line":154,"column":17}},"62":{"start":{"line":157,"column":22},"end":{"line":157,"column":41}},"63":{"start":{"line":159,"column":2},"end":{"line":159,"column":78}},"64":{"start":{"line":152,"column":13},"end":{"line":152,"column":37}},"65":{"start":{"line":162,"column":46},"end":{"line":166,"column":1}},"66":{"start":{"line":165,"column":2},"end":{"line":165,"column":75}},"67":{"start":{"line":162,"column":13},"end":{"line":162,"column":46}},"68":{"start":{"line":168,"column":40},"end":{"line":175,"column":1}},"69":{"start":{"line":169,"column":20},"end":{"line":169,"column":71}},"70":{"start":{"line":170,"column":20},"end":{"line":171,"column":null}},"71":{"start":{"line":174,"column":2},"end":{"line":174,"column":32}},"72":{"start":{"line":168,"column":13},"end":{"line":168,"column":40}},"73":{"start":{"line":180,"column":42},"end":{"line":181,"column":26}},"74":{"start":{"line":181,"column":2},"end":{"line":181,"column":26}},"75":{"start":{"line":180,"column":13},"end":{"line":180,"column":42}},"76":{"start":{"line":183,"column":34},"end":{"line":189,"column":1}},"77":{"start":{"line":184,"column":2},"end":{"line":186,"column":null}},"78":{"start":{"line":185,"column":4},"end":{"line":185,"column":17}},"79":{"start":{"line":188,"column":2},"end":{"line":188,"column":46}},"80":{"start":{"line":183,"column":13},"end":{"line":183,"column":34}},"81":{"start":{"line":191,"column":43},"end":{"line":193,"column":1}},"82":{"start":{"line":192,"column":2},"end":{"line":192,"column":31}},"83":{"start":{"line":191,"column":13},"end":{"line":191,"column":43}},"84":{"start":{"line":195,"column":33},"end":{"line":196,"column":42}},"85":{"start":{"line":196,"column":2},"end":{"line":196,"column":42}},"86":{"start":{"line":195,"column":13},"end":{"line":195,"column":33}},"87":{"start":{"line":198,"column":37},"end":{"line":203,"column":76}},"88":{"start":{"line":202,"column":2},"end":{"line":203,"column":76}},"89":{"start":{"line":202,"column":47},"end":{"line":202,"column":64}},"90":{"start":{"line":198,"column":13},"end":{"line":198,"column":37}},"91":{"start":{"line":205,"column":34},"end":{"line":216,"column":1}},"92":{"start":{"line":209,"column":2},"end":{"line":215,"column":4}},"93":{"start":{"line":211,"column":6},"end":{"line":211,"column":34}},"94":{"start":{"line":205,"column":13},"end":{"line":205,"column":34}},"95":{"start":{"line":221,"column":13},"end":{"line":240,"column":2}},"96":{"start":{"line":245,"column":13},"end":{"line":264,"column":2}},"97":{"start":{"line":267,"column":2},"end":{"line":280,"column":3}},"98":{"start":{"line":268,"column":2},"end":{"line":280,"column":3}},"99":{"start":{"line":269,"column":4},"end":{"line":279,"column":null}},"100":{"start":{"line":273,"column":6},"end":{"line":276,"column":13}},"101":{"start":{"line":278,"column":6},"end":{"line":278,"column":15}},"102":{"start":{"line":285,"column":13},"end":{"line":287,"column":2}},"103":{"start":{"line":292,"column":13},"end":{"line":294,"column":2}},"104":{"start":{"line":296,"column":13},"end":{"line":299,"column":11}},"105":{"start":{"line":301,"column":13},"end":{"line":308,"column":11}},"106":{"start":{"line":313,"column":2},"end":{"line":313,"column":70}},"107":{"start":{"line":313,"column":54},"end":{"line":313,"column":68}},"108":{"start":{"line":310,"column":0},"end":{"line":310,"column":16}},"109":{"start":{"line":319,"column":16},"end":{"line":319,"column":76}},"110":{"start":{"line":319,"column":55},"end":{"line":319,"column":75}},"111":{"start":{"line":321,"column":2},"end":{"line":321,"column":24}},"112":{"start":{"line":316,"column":0},"end":{"line":316,"column":16}}},"fnMap":{"0":{"name":"(anonymous_0)","decl":{"start":{"line":21,"column":28},"end":{"line":21,"column":29}},"loc":{"start":{"line":21,"column":47},"end":{"line":34,"column":1}}},"1":{"name":"(anonymous_1)","decl":{"start":{"line":61,"column":41},"end":{"line":61,"column":42}},"loc":{"start":{"line":68,"column":44},"end":{"line":97,"column":1}}},"2":{"name":"(anonymous_2)","decl":{"start":{"line":69,"column":35},"end":{"line":69,"column":36}},"loc":{"start":{"line":69,"column":46},"end":{"line":96,"column":3}}},"3":{"name":"(anonymous_3)","decl":{"start":{"line":108,"column":27},"end":{"line":108,"column":null}},"loc":{"start":{"line":110,"column":51},"end":{"line":116,"column":1}}},"4":{"name":"(anonymous_4)","decl":{"start":{"line":118,"column":31},"end":{"line":118,"column":null}},"loc":{"start":{"line":121,"column":13},"end":{"line":124,"column":1}}},"5":{"name":"(anonymous_5)","decl":{"start":{"line":126,"column":29},"end":{"line":126,"column":30}},"loc":{"start":{"line":126,"column":56},"end":{"line":132,"column":1}}},"6":{"name":"(anonymous_6)","decl":{"start":{"line":134,"column":31},"end":{"line":134,"column":32}},"loc":{"start":{"line":134,"column":58},"end":{"line":140,"column":1}}},"7":{"name":"(anonymous_7)","decl":{"start":{"line":142,"column":40},"end":{"line":142,"column":41}},"loc":{"start":{"line":142,"column":59},"end":{"line":150,"column":1}}},"8":{"name":"(anonymous_8)","decl":{"start":{"line":152,"column":37},"end":{"line":152,"column":38}},"loc":{"start":{"line":152,"column":56},"end":{"line":160,"column":1}}},"9":{"name":"(anonymous_9)","decl":{"start":{"line":162,"column":46},"end":{"line":162,"column":null}},"loc":{"start":{"line":164,"column":4},"end":{"line":166,"column":1}}},"10":{"name":"(anonymous_10)","decl":{"start":{"line":168,"column":40},"end":{"line":168,"column":41}},"loc":{"start":{"line":168,"column":67},"end":{"line":175,"column":1}}},"11":{"name":"(anonymous_11)","decl":{"start":{"line":180,"column":42},"end":{"line":180,"column":43}},"loc":{"start":{"line":181,"column":2},"end":{"line":181,"column":26}}},"12":{"name":"(anonymous_12)","decl":{"start":{"line":183,"column":34},"end":{"line":183,"column":35}},"loc":{"start":{"line":183,"column":61},"end":{"line":189,"column":1}}},"13":{"name":"(anonymous_13)","decl":{"start":{"line":191,"column":43},"end":{"line":191,"column":44}},"loc":{"start":{"line":191,"column":60},"end":{"line":193,"column":1}}},"14":{"name":"(anonymous_14)","decl":{"start":{"line":195,"column":33},"end":{"line":195,"column":34}},"loc":{"start":{"line":196,"column":2},"end":{"line":196,"column":42}}},"15":{"name":"(anonymous_15)","decl":{"start":{"line":198,"column":37},"end":{"line":198,"column":null}},"loc":{"start":{"line":202,"column":2},"end":{"line":203,"column":76}}},"16":{"name":"(anonymous_16)","decl":{"start":{"line":202,"column":38},"end":{"line":202,"column":39}},"loc":{"start":{"line":202,"column":47},"end":{"line":202,"column":64}}},"17":{"name":"(anonymous_17)","decl":{"start":{"line":205,"column":34},"end":{"line":205,"column":null}},"loc":{"start":{"line":208,"column":4},"end":{"line":216,"column":1}}},"18":{"name":"(anonymous_18)","decl":{"start":{"line":210,"column":40},"end":{"line":210,"column":41}},"loc":{"start":{"line":211,"column":6},"end":{"line":211,"column":34}}},"19":{"name":"(anonymous_19)","decl":{"start":{"line":267,"column":2},"end":{"line":267,"column":3}},"loc":{"start":{"line":268,"column":2},"end":{"line":280,"column":3}}},"20":{"name":"(anonymous_20)","decl":{"start":{"line":268,"column":2},"end":{"line":268,"column":3}},"loc":{"start":{"line":268,"column":49},"end":{"line":280,"column":3}}},"21":{"name":"isValidStatusType","decl":{"start":{"line":310,"column":16},"end":{"line":310,"column":33}},"loc":{"start":{"line":311,"column":16},"end":{"line":314,"column":1}}},"22":{"name":"(anonymous_22)","decl":{"start":{"line":313,"column":45},"end":{"line":313,"column":46}},"loc":{"start":{"line":313,"column":54},"end":{"line":313,"column":68}}},"23":{"name":"isValidSortType","decl":{"start":{"line":316,"column":16},"end":{"line":316,"column":31}},"loc":{"start":{"line":317,"column":14},"end":{"line":322,"column":1}}},"24":{"name":"(anonymous_24)","decl":{"start":{"line":319,"column":46},"end":{"line":319,"column":47}},"loc":{"start":{"line":319,"column":55},"end":{"line":319,"column":75}}}},"branchMap":{"0":{"loc":{"start":{"line":22,"column":2},"end":{"line":24,"column":null}},"type":"if","locations":[{"start":{"line":22,"column":2},"end":{"line":24,"column":null}}]},"1":{"loc":{"start":{"line":27,"column":2},"end":{"line":29,"column":null}},"type":"if","locations":[{"start":{"line":27,"column":2},"end":{"line":29,"column":null}}]},"2":{"loc":{"start":{"line":70,"column":4},"end":{"line":72,"column":null}},"type":"if","locations":[{"start":{"line":70,"column":4},"end":{"line":72,"column":null}}]},"3":{"loc":{"start":{"line":70,"column":8},"end":{"line":70,"column":71}},"type":"binary-expr","locations":[{"start":{"line":70,"column":8},"end":{"line":70,"column":50}},{"start":{"line":70,"column":54},"end":{"line":70,"column":71}}]},"4":{"loc":{"start":{"line":74,"column":4},"end":{"line":76,"column":null}},"type":"if","locations":[{"start":{"line":74,"column":4},"end":{"line":76,"column":null}}]},"5":{"loc":{"start":{"line":74,"column":8},"end":{"line":74,"column":65}},"type":"binary-expr","locations":[{"start":{"line":74,"column":8},"end":{"line":74,"column":47}},{"start":{"line":74,"column":51},"end":{"line":74,"column":65}}]},"6":{"loc":{"start":{"line":78,"column":4},"end":{"line":83,"column":null}},"type":"if","locations":[{"start":{"line":78,"column":4},"end":{"line":83,"column":null}}]},"7":{"loc":{"start":{"line":79,"column":6},"end":{"line":80,"column":27}},"type":"binary-expr","locations":[{"start":{"line":79,"column":6},"end":{"line":79,"column":52}},{"start":{"line":80,"column":6},"end":{"line":80,"column":27}}]},"8":{"loc":{"start":{"line":85,"column":4},"end":{"line":87,"column":null}},"type":"if","locations":[{"start":{"line":85,"column":4},"end":{"line":87,"column":null}}]},"9":{"loc":{"start":{"line":85,"column":8},"end":{"line":85,"column":69}},"type":"binary-expr","locations":[{"start":{"line":85,"column":8},"end":{"line":85,"column":49}},{"start":{"line":85,"column":53},"end":{"line":85,"column":69}}]},"10":{"loc":{"start":{"line":89,"column":4},"end":{"line":91,"column":null}},"type":"if","locations":[{"start":{"line":89,"column":4},"end":{"line":91,"column":null}}]},"11":{"loc":{"start":{"line":89,"column":8},"end":{"line":89,"column":71}},"type":"binary-expr","locations":[{"start":{"line":89,"column":8},"end":{"line":89,"column":50}},{"start":{"line":89,"column":54},"end":{"line":89,"column":71}}]},"12":{"loc":{"start":{"line":143,"column":2},"end":{"line":145,"column":null}},"type":"if","locations":[{"start":{"line":143,"column":2},"end":{"line":145,"column":null}}]},"13":{"loc":{"start":{"line":153,"column":2},"end":{"line":155,"column":null}},"type":"if","locations":[{"start":{"line":153,"column":2},"end":{"line":155,"column":null}}]},"14":{"loc":{"start":{"line":169,"column":20},"end":{"line":169,"column":71}},"type":"binary-expr","locations":[{"start":{"line":169,"column":20},"end":{"line":169,"column":50}},{"start":{"line":169,"column":54},"end":{"line":169,"column":71}}]},"15":{"loc":{"start":{"line":174,"column":9},"end":{"line":174,"column":31}},"type":"binary-expr","locations":[{"start":{"line":174,"column":9},"end":{"line":174,"column":18}},{"start":{"line":174,"column":22},"end":{"line":174,"column":31}}]},"16":{"loc":{"start":{"line":184,"column":2},"end":{"line":186,"column":null}},"type":"if","locations":[{"start":{"line":184,"column":2},"end":{"line":186,"column":null}}]},"17":{"loc":{"start":{"line":202,"column":2},"end":{"line":203,"column":76}},"type":"binary-expr","locations":[{"start":{"line":202,"column":2},"end":{"line":202,"column":65}},{"start":{"line":203,"column":3},"end":{"line":203,"column":51}},{"start":{"line":203,"column":55},"end":{"line":203,"column":75}}]},"18":{"loc":{"start":{"line":210,"column":4},"end":{"line":214,"column":27}},"type":"binary-expr","locations":[{"start":{"line":210,"column":4},"end":{"line":211,"column":null}},{"start":{"line":213,"column":5},"end":{"line":213,"column":64}},{"start":{"line":214,"column":6},"end":{"line":214,"column":26}}]},"19":{"loc":{"start":{"line":269,"column":4},"end":{"line":279,"column":null}},"type":"if","locations":[{"start":{"line":269,"column":4},"end":{"line":279,"column":null}},{"start":{"line":277,"column":11},"end":{"line":279,"column":null}}]},"20":{"loc":{"start":{"line":270,"column":6},"end":{"line":271,"column":49}},"type":"binary-expr","locations":[{"start":{"line":270,"column":6},"end":{"line":270,"column":49}},{"start":{"line":271,"column":6},"end":{"line":271,"column":49}}]},"21":{"loc":{"start":{"line":273,"column":13},"end":{"line":276,"column":12}},"type":"cond-expr","locations":[{"start":{"line":275,"column":10},"end":{"line":275,"column":11}},{"start":{"line":276,"column":10},"end":{"line":276,"column":12}}]}},"s":{"0":1,"1":1,"2":1,"3":1,"4":1,"5":2,"6":0,"7":2,"8":0,"9":2,"10":2,"11":1,"12":1,"13":1,"14":1,"15":1,"16":1,"17":1,"18":0,"19":0,"20":0,"21":0,"22":0,"23":0,"24":0,"25":0,"26":0,"27":0,"28":0,"29":0,"30":1,"31":1,"32":1,"33":1,"34":4,"35":4,"36":4,"37":4,"38":1,"39":1,"40":0,"41":0,"42":1,"43":1,"44":0,"45":0,"46":0,"47":1,"48":1,"49":0,"50":0,"51":0,"52":1,"53":1,"54":2,"55":0,"56":2,"57":2,"58":1,"59":1,"60":0,"61":0,"62":0,"63":0,"64":1,"65":1,"66":0,"67":1,"68":1,"69":0,"70":0,"71":0,"72":1,"73":1,"74":2,"75":1,"76":1,"77":2,"78":0,"79":2,"80":1,"81":1,"82":0,"83":1,"84":1,"85":0,"86":1,"87":1,"88":0,"89":0,"90":1,"91":1,"92":0,"93":0,"94":1,"95":1,"96":1,"97":1,"98":2,"99":0,"100":0,"101":0,"102":1,"103":1,"104":1,"105":1,"106":0,"107":0,"108":1,"109":0,"110":0,"111":0,"112":1},"f":{"0":2,"1":0,"2":0,"3":4,"4":0,"5":0,"6":0,"7":2,"8":0,"9":0,"10":0,"11":2,"12":2,"13":0,"14":0,"15":0,"16":0,"17":0,"18":0,"19":2,"20":0,"21":0,"22":0,"23":0,"24":0},"b":{"0":[0],"1":[0],"2":[0],"3":[0,0],"4":[0],"5":[0,0],"6":[0],"7":[0,0],"8":[0],"9":[0,0],"10":[0],"11":[0,0],"12":[0],"13":[0],"14":[0,0],"15":[0,0],"16":[0],"17":[0,0,0],"18":[0,0,0],"19":[0,0],"20":[0,0],"21":[0,0]}}
,"/home/runner/work/unstoppable-domains-website/unstoppable-domains-website/shared/src/domain/types.ts": {"path":"/home/runner/work/unstoppable-domains-website/unstoppable-domains-website/shared/src/domain/types.ts","statementMap":{"0":{"start":{"line":7,"column":0},"end":{"line":7,"column":null}},"1":{"start":{"line":8,"column":2},"end":{"line":8,"column":null}},"2":{"start":{"line":9,"column":2},"end":{"line":9,"column":null}},"3":{"start":{"line":10,"column":2},"end":{"line":10,"column":null}},"4":{"start":{"line":11,"column":2},"end":{"line":11,"column":null}},"5":{"start":{"line":12,"column":2},"end":{"line":12,"column":null}},"6":{"start":{"line":13,"column":2},"end":{"line":13,"column":null}},"7":{"start":{"line":14,"column":2},"end":{"line":14,"column":null}},"8":{"start":{"line":15,"column":2},"end":{"line":15,"column":null}},"9":{"start":{"line":16,"column":2},"end":{"line":16,"column":null}},"10":{"start":{"line":17,"column":2},"end":{"line":17,"column":null}},"11":{"start":{"line":18,"column":2},"end":{"line":18,"column":null}},"12":{"start":{"line":19,"column":2},"end":{"line":19,"column":null}},"13":{"start":{"line":20,"column":2},"end":{"line":20,"column":null}},"14":{"start":{"line":23,"column":0},"end":{"line":23,"column":null}},"15":{"start":{"line":24,"column":2},"end":{"line":24,"column":null}},"16":{"start":{"line":28,"column":13},"end":{"line":31,"column":2}},"17":{"start":{"line":38,"column":0},"end":{"line":38,"column":34}},"18":{"start":{"line":49,"column":0},"end":{"line":49,"column":null}},"19":{"start":{"line":50,"column":2},"end":{"line":50,"column":null}},"20":{"start":{"line":53,"column":0},"end":{"line":53,"column":null}},"21":{"start":{"line":54,"column":2},"end":{"line":54,"column":null}},"22":{"start":{"line":65,"column":0},"end":{"line":65,"column":null}},"23":{"start":{"line":66,"column":2},"end":{"line":66,"column":null}},"24":{"start":{"line":67,"column":2},"end":{"line":67,"column":null}},"25":{"start":{"line":68,"column":2},"end":{"line":68,"column":null}},"26":{"start":{"line":69,"column":2},"end":{"line":69,"column":null}},"27":{"start":{"line":70,"column":2},"end":{"line":70,"column":null}},"28":{"start":{"line":71,"column":2},"end":{"line":71,"column":null}},"29":{"start":{"line":72,"column":2},"end":{"line":72,"column":null}},"30":{"start":{"line":73,"column":2},"end":{"line":73,"column":null}},"31":{"start":{"line":74,"column":2},"end":{"line":74,"column":null}},"32":{"start":{"line":77,"column":0},"end":{"line":77,"column":null}},"33":{"start":{"line":78,"column":2},"end":{"line":78,"column":null}},"34":{"start":{"line":79,"column":2},"end":{"line":79,"column":null}},"35":{"start":{"line":80,"column":2},"end":{"line":80,"column":null}}},"fnMap":{"0":{"name":"(anonymous_0)","decl":{"start":{"line":7,"column":0},"end":{"line":7,"column":12}},"loc":{"start":{"line":7,"column":38},"end":{"line":21,"column":1}}},"1":{"name":"(anonymous_1)","decl":{"start":{"line":23,"column":0},"end":{"line":23,"column":12}},"loc":{"start":{"line":23,"column":42},"end":{"line":25,"column":1}}},"2":{"name":"(anonymous_2)","decl":{"start":{"line":38,"column":0},"end":{"line":38,"column":12}},"loc":{"start":{"line":38,"column":32},"end":{"line":38,"column":35}}},"3":{"name":"(anonymous_3)","decl":{"start":{"line":49,"column":0},"end":{"line":49,"column":12}},"loc":{"start":{"line":49,"column":21},"end":{"line":51,"column":1}}},"4":{"name":"(anonymous_4)","decl":{"start":{"line":53,"column":0},"end":{"line":53,"column":12}},"loc":{"start":{"line":53,"column":28},"end":{"line":55,"column":1}}},"5":{"name":"(anonymous_5)","decl":{"start":{"line":65,"column":0},"end":{"line":65,"column":12}},"loc":{"start":{"line":65,"column":24},"end":{"line":75,"column":1}}},"6":{"name":"(anonymous_6)","decl":{"start":{"line":77,"column":0},"end":{"line":77,"column":12}},"loc":{"start":{"line":77,"column":23},"end":{"line":81,"column":1}}}},"branchMap":{"0":{"loc":{"start":{"line":7,"column":12},"end":{"line":7,"column":null}},"type":"binary-expr","locations":[{"start":{"line":7,"column":12},"end":{"line":7,"column":38}},{"start":{"line":7,"column":12},"end":{"line":7,"column":null}}]},"1":{"loc":{"start":{"line":23,"column":12},"end":{"line":23,"column":null}},"type":"binary-expr","locations":[{"start":{"line":23,"column":12},"end":{"line":23,"column":42}},{"start":{"line":23,"column":12},"end":{"line":23,"column":null}}]},"2":{"loc":{"start":{"line":38,"column":12},"end":{"line":38,"column":34}},"type":"binary-expr","locations":[{"start":{"line":38,"column":12},"end":{"line":38,"column":32}},{"start":{"line":38,"column":12},"end":{"line":38,"column":34}}]},"3":{"loc":{"start":{"line":49,"column":12},"end":{"line":49,"column":null}},"type":"binary-expr","locations":[{"start":{"line":49,"column":12},"end":{"line":49,"column":21}},{"start":{"line":49,"column":12},"end":{"line":49,"column":null}}]},"4":{"loc":{"start":{"line":53,"column":12},"end":{"line":53,"column":null}},"type":"binary-expr","locations":[{"start":{"line":53,"column":12},"end":{"line":53,"column":28}},{"start":{"line":53,"column":12},"end":{"line":53,"column":null}}]},"5":{"loc":{"start":{"line":65,"column":12},"end":{"line":65,"column":null}},"type":"binary-expr","locations":[{"start":{"line":65,"column":12},"end":{"line":65,"column":24}},{"start":{"line":65,"column":12},"end":{"line":65,"column":null}}]},"6":{"loc":{"start":{"line":77,"column":12},"end":{"line":77,"column":null}},"type":"binary-expr","locations":[{"start":{"line":77,"column":12},"end":{"line":77,"column":23}},{"start":{"line":77,"column":12},"end":{"line":77,"column":null}}]}},"s":{"0":1,"1":1,"2":1,"3":1,"4":1,"5":1,"6":1,"7":1,"8":1,"9":1,"10":1,"11":1,"12":1,"13":1,"14":1,"15":1,"16":1,"17":1,"18":1,"19":1,"20":1,"21":1,"22":1,"23":1,"24":1,"25":1,"26":1,"27":1,"28":1,"29":1,"30":1,"31":1,"32":1,"33":1,"34":1,"35":1},"f":{"0":1,"1":1,"2":1,"3":1,"4":1,"5":1,"6":1},"b":{"0":[1,1],"1":[1,1],"2":[1,1],"3":[1,1],"4":[1,1],"5":[1,1],"6":[1,1]}}
,"/home/runner/work/unstoppable-domains-website/unstoppable-domains-website/shared/src/session/index.ts": {"path":"/home/runner/work/unstoppable-domains-website/unstoppable-domains-website/shared/src/session/index.ts","statementMap":{"0":{"start":{"line":1,"column":0},"end":{"line":1,"column":24}},"1":{"start":{"line":2,"column":0},"end":{"line":2,"column":51}},"2":{"start":{"line":3,"column":0},"end":{"line":3,"column":42}},"3":{"start":{"line":5,"column":49},"end":{"line":5,"column":65}},"4":{"start":{"line":7,"column":64},"end":{"line":18,"column":1}},"5":{"start":{"line":10,"column":16},"end":{"line":10,"column":71}},"6":{"start":{"line":12,"column":2},"end":{"line":14,"column":null}},"7":{"start":{"line":13,"column":4},"end":{"line":13,"column":16}},"8":{"start":{"line":16,"column":17},"end":{"line":16,"column":25}},"9":{"start":{"line":17,"column":2},"end":{"line":17,"column":58}},"10":{"start":{"line":7,"column":13},"end":{"line":7,"column":64}},"11":{"start":{"line":20,"column":35},"end":{"line":24,"column":1}},"12":{"start":{"line":23,"column":2},"end":{"line":23,"column":78}},"13":{"start":{"line":20,"column":13},"end":{"line":20,"column":35}}},"fnMap":{"0":{"name":"(anonymous_0)","decl":{"start":{"line":7,"column":64},"end":{"line":7,"column":null}},"loc":{"start":{"line":9,"column":19},"end":{"line":18,"column":1}}},"1":{"name":"(anonymous_1)","decl":{"start":{"line":20,"column":35},"end":{"line":20,"column":null}},"loc":{"start":{"line":22,"column":31},"end":{"line":24,"column":1}}}},"branchMap":{"0":{"loc":{"start":{"line":12,"column":2},"end":{"line":14,"column":null}},"type":"if","locations":[{"start":{"line":12,"column":2},"end":{"line":14,"column":null}}]},"1":{"loc":{"start":{"line":17,"column":9},"end":{"line":17,"column":57}},"type":"cond-expr","locations":[{"start":{"line":17,"column":44},"end":{"line":17,"column":50}},{"start":{"line":17,"column":53},"end":{"line":17,"column":57}}]}},"s":{"0":1,"1":1,"2":1,"3":1,"4":1,"5":3,"6":3,"7":1,"8":2,"9":2,"10":1,"11":1,"12":0,"13":1},"f":{"0":3,"1":0},"b":{"0":[1],"1":[1,1]}}
,"/home/runner/work/unstoppable-domains-website/unstoppable-domains-website/shared/src/session/types.ts": {"path":"/home/runner/work/unstoppable-domains-website/unstoppable-domains-website/shared/src/session/types.ts","statementMap":{"0":{"start":{"line":6,"column":0},"end":{"line":6,"column":null}},"1":{"start":{"line":7,"column":2},"end":{"line":7,"column":null}},"2":{"start":{"line":8,"column":2},"end":{"line":8,"column":null}}},"fnMap":{"0":{"name":"(anonymous_0)","decl":{"start":{"line":6,"column":0},"end":{"line":6,"column":12}},"loc":{"start":{"line":6,"column":29},"end":{"line":9,"column":1}}}},"branchMap":{"0":{"loc":{"start":{"line":6,"column":12},"end":{"line":6,"column":null}},"type":"binary-expr","locations":[{"start":{"line":6,"column":12},"end":{"line":6,"column":29}},{"start":{"line":6,"column":12},"end":{"line":6,"column":null}}]}},"s":{"0":1,"1":1,"2":1},"f":{"0":1},"b":{"0":[1,1]}}
}
