TN:
SF:src/domain/index.ts
FN:21,(anonymous_0)
FN:61,(anonymous_1)
FN:69,(anonymous_2)
FN:108,(anonymous_3)
FN:118,(anonymous_4)
FN:126,(anonymous_5)
FN:134,(anonymous_6)
FN:142,(anonymous_7)
FN:152,(anonymous_8)
FN:162,(anonymous_9)
FN:168,(anonymous_10)
FN:180,(anonymous_11)
FN:183,(anonymous_12)
FN:191,(anonymous_13)
FN:195,(anonymous_14)
FN:198,(anonymous_15)
FN:202,(anonymous_16)
FN:205,(anonymous_17)
FN:210,(anonymous_18)
FN:267,(anonymous_19)
FN:268,(anonymous_20)
FN:310,isValidStatusType
FN:313,(anonymous_22)
FN:316,isValidSortType
FN:319,(anonymous_24)
FNF:25
FNH:6
FNDA:2,(anonymous_0)
FNDA:0,(anonymous_1)
FNDA:0,(anonymous_2)
FNDA:4,(anonymous_3)
FNDA:0,(anonymous_4)
FNDA:0,(anonymous_5)
FNDA:0,(anonymous_6)
FNDA:2,(anonymous_7)
FNDA:0,(anonymous_8)
FNDA:0,(anonymous_9)
FNDA:0,(anonymous_10)
FNDA:2,(anonymous_11)
FNDA:2,(anonymous_12)
FNDA:0,(anonymous_13)
FNDA:0,(anonymous_14)
FNDA:0,(anonymous_15)
FNDA:0,(anonymous_16)
FNDA:0,(anonymous_17)
FNDA:0,(anonymous_18)
FNDA:2,(anonymous_19)
FNDA:0,(anonymous_20)
FNDA:0,isValidStatusType
FNDA:0,(anonymous_22)
FNDA:0,isValidSortType
FNDA:0,(anonymous_24)
DA:1,1
DA:8,1
DA:13,1
DA:19,1
DA:21,1
DA:22,2
DA:23,0
DA:27,2
DA:28,0
DA:31,2
DA:33,2
DA:36,1
DA:38,1
DA:40,1
DA:41,1
DA:46,1
DA:50,1
DA:61,1
DA:69,0
DA:70,0
DA:71,0
DA:74,0
DA:75,0
DA:78,0
DA:82,0
DA:85,0
DA:86,0
DA:89,0
DA:90,0
DA:93,0
DA:99,1
DA:103,1
DA:108,1
DA:111,4
DA:112,4
DA:114,4
DA:115,4
DA:118,1
DA:122,0
DA:123,0
DA:126,1
DA:127,0
DA:128,0
DA:130,0
DA:134,1
DA:135,0
DA:136,0
DA:138,0
DA:142,1
DA:143,2
DA:144,0
DA:147,2
DA:149,2
DA:152,1
DA:153,0
DA:154,0
DA:157,0
DA:159,0
DA:162,1
DA:165,0
DA:168,1
DA:169,0
DA:170,0
DA:174,0
DA:180,1
DA:181,2
DA:183,1
DA:184,2
DA:185,0
DA:188,2
DA:191,1
DA:192,0
DA:195,1
DA:196,0
DA:198,1
DA:202,0
DA:205,1
DA:209,0
DA:211,0
DA:221,1
DA:245,1
DA:267,1
DA:268,2
DA:269,0
DA:273,0
DA:278,0
DA:285,1
DA:292,1
DA:296,1
DA:301,1
DA:310,1
DA:313,0
DA:316,1
DA:319,0
DA:321,0
LF:95
LH:52
BRDA:22,0,0,0
BRDA:27,1,0,0
BRDA:70,2,0,0
BRDA:70,3,0,0
BRDA:70,3,1,0
BRDA:74,4,0,0
BRDA:74,5,0,0
BRDA:74,5,1,0
BRDA:78,6,0,0
BRDA:79,7,0,0
BRDA:79,7,1,0
BRDA:85,8,0,0
BRDA:85,9,0,0
BRDA:85,9,1,0
BRDA:89,10,0,0
BRDA:89,11,0,0
BRDA:89,11,1,0
BRDA:143,12,0,0
BRDA:153,13,0,0
BRDA:169,14,0,0
BRDA:169,14,1,0
BRDA:174,15,0,0
BRDA:174,15,1,0
BRDA:184,16,0,0
BRDA:202,17,0,0
BRDA:202,17,1,0
BRDA:202,17,2,0
BRDA:210,18,0,0
BRDA:210,18,1,0
BRDA:210,18,2,0
BRDA:269,19,0,0
BRDA:269,19,1,0
BRDA:270,20,0,0
BRDA:270,20,1,0
BRDA:273,21,0,0
BRDA:273,21,1,0
BRF:36
BRH:0
end_of_record
TN:
SF:src/domain/types.ts
FN:7,(anonymous_0)
FN:23,(anonymous_1)
FN:38,(anonymous_2)
FN:49,(anonymous_3)
FN:53,(anonymous_4)
FN:65,(anonymous_5)
FN:77,(anonymous_6)
FNF:7
FNH:7
FNDA:1,(anonymous_0)
FNDA:1,(anonymous_1)
FNDA:1,(anonymous_2)
FNDA:1,(anonymous_3)
FNDA:1,(anonymous_4)
FNDA:1,(anonymous_5)
FNDA:1,(anonymous_6)
DA:7,1
DA:8,1
DA:9,1
DA:10,1
DA:11,1
DA:12,1
DA:13,1
DA:14,1
DA:15,1
DA:16,1
DA:17,1
DA:18,1
DA:19,1
DA:20,1
DA:23,1
DA:24,1
DA:28,1
DA:38,1
DA:49,1
DA:50,1
DA:53,1
DA:54,1
DA:65,1
DA:66,1
DA:67,1
DA:68,1
DA:69,1
DA:70,1
DA:71,1
DA:72,1
DA:73,1
DA:74,1
DA:77,1
DA:78,1
DA:79,1
DA:80,1
LF:36
LH:36
BRDA:7,0,0,1
BRDA:7,0,1,1
BRDA:23,1,0,1
BRDA:23,1,1,1
BRDA:38,2,0,1
BRDA:38,2,1,1
BRDA:49,3,0,1
BRDA:49,3,1,1
BRDA:53,4,0,1
BRDA:53,4,1,1
BRDA:65,5,0,1
BRDA:65,5,1,1
BRDA:77,6,0,1
BRDA:77,6,1,1
BRF:14
BRH:14
end_of_record
TN:
SF:src/session/index.ts
FN:7,(anonymous_0)
FN:20,(anonymous_1)
FNF:2
FNH:1
FNDA:3,(anonymous_0)
FNDA:0,(anonymous_1)
DA:1,1
DA:2,1
DA:3,1
DA:5,1
DA:7,1
DA:10,3
DA:12,3
DA:13,1
DA:16,2
DA:17,2
DA:20,1
DA:23,0
LF:12
LH:11
BRDA:12,0,0,1
BRDA:17,1,0,1
BRDA:17,1,1,1
BRF:3
BRH:3
end_of_record
TN:
SF:src/session/types.ts
FN:6,(anonymous_0)
FNF:1
FNH:1
FNDA:1,(anonymous_0)
DA:6,1
DA:7,1
DA:8,1
LF:3
LH:3
BRDA:6,0,0,1
BRDA:6,0,1,1
BRF:2
BRH:2
end_of_record
