{"total": {"lines":{"total":131,"covered":108,"skipped":0,"pct":82.44},"statements":{"total":149,"covered":123,"skipped":0,"pct":82.55},"functions":{"total":32,"covered":21,"skipped":0,"pct":65.62},"branches":{"total":50,"covered":29,"skipped":0,"pct":58},"branchesTrue":{"total":0,"covered":0,"skipped":0,"pct":"Unknown"}}
,"/home/runner/work/unstoppable-domains-website/unstoppable-domains-website/shared/src/domain/index.ts": {"lines":{"total":95,"covered":72,"skipped":0,"pct":75.78},"functions":{"total":25,"covered":14,"skipped":0,"pct":56},"statements":{"total":113,"covered":87,"skipped":0,"pct":76.99},"branches":{"total":36,"covered":15,"skipped":0,"pct":41.66}}
,"/home/runner/work/unstoppable-domains-website/unstoppable-domains-website/shared/src/domain/types.ts": {"lines":{"total":36,"covered":36,"skipped":0,"pct":100},"functions":{"total":7,"covered":7,"skipped":0,"pct":100},"statements":{"total":36,"covered":36,"skipped":0,"pct":100},"branches":{"total":14,"covered":14,"skipped":0,"pct":100}}
}
