{"total": {"lines":{"total":51,"covered":48,"skipped":0,"pct":94.11},"statements":{"total":54,"covered":51,"skipped":0,"pct":94.44},"functions":{"total":6,"covered":5,"skipped":0,"pct":83.33},"branches":{"total":12,"covered":12,"skipped":0,"pct":100},"branchesTrue":{"total":0,"covered":0,"skipped":0,"pct":100}}
,"/home/runner/work/unstoppable-domains-website/unstoppable-domains-website/shared/src/email/index.ts": {"lines":{"total":15,"covered":12,"skipped":0,"pct":80},"functions":{"total":2,"covered":1,"skipped":0,"pct":50},"statements":{"total":17,"covered":14,"skipped":0,"pct":82.35},"branches":{"total":3,"covered":3,"skipped":0,"pct":100}}
,"/home/runner/work/unstoppable-domains-website/unstoppable-domains-website/shared/src/referral/index.ts": {"lines":{"total":9,"covered":9,"skipped":0,"pct":100},"functions":{"total":1,"covered":1,"skipped":0,"pct":100},"statements":{"total":10,"covered":10,"skipped":0,"pct":100},"branches":{"total":3,"covered":3,"skipped":0,"pct":100}}
,"/home/runner/work/unstoppable-domains-website/unstoppable-domains-website/shared/src/referral/types.ts": {"lines":{"total":27,"covered":27,"skipped":0,"pct":100},"functions":{"total":3,"covered":3,"skipped":0,"pct":100},"statements":{"total":27,"covered":27,"skipped":0,"pct":100},"branches":{"total":6,"covered":6,"skipped":0,"pct":100}}
}
