{"total": {"lines":{"total":65,"covered":59,"skipped":0,"pct":90.76},"statements":{"total":73,"covered":67,"skipped":0,"pct":91.78},"functions":{"total":11,"covered":9,"skipped":0,"pct":81.81},"branches":{"total":31,"covered":24,"skipped":0,"pct":77.41},"branchesTrue":{"total":0,"covered":0,"skipped":0,"pct":"Unknown"}}
,"/home/runner/work/unstoppable-domains-website/unstoppable-domains-website/shared/src/domainProfile/index.ts": {"lines":{"total":44,"covered":38,"skipped":0,"pct":86.36},"functions":{"total":8,"covered":6,"skipped":0,"pct":75},"statements":{"total":52,"covered":46,"skipped":0,"pct":88.46},"branches":{"total":25,"covered":18,"skipped":0,"pct":72}}
,"/home/runner/work/unstoppable-domains-website/unstoppable-domains-website/shared/src/domainProfile/types.ts": {"lines":{"total":18,"covered":18,"skipped":0,"pct":100},"functions":{"total":3,"covered":3,"skipped":0,"pct":100},"statements":{"total":18,"covered":18,"skipped":0,"pct":100},"branches":{"total":6,"covered":6,"skipped":0,"pct":100}}
,"/home/runner/work/unstoppable-domains-website/unstoppable-domains-website/shared/src/domainProfile/utils.ts": {"lines":{"total":3,"covered":3,"skipped":0,"pct":100},"functions":{"total":0,"covered":0,"skipped":0,"pct":100},"statements":{"total":3,"covered":3,"skipped":0,"pct":100},"branches":{"total":0,"covered":0,"skipped":0,"pct":100}}
}
