{"/home/runner/work/unstoppable-domains-website/unstoppable-domains-website/shared/src/domainProfile/index.ts": {"path":"/home/runner/work/unstoppable-domains-website/unstoppable-domains-website/shared/src/domainProfile/index.ts","statementMap":{"0":{"start":{"line":2,"column":0},"end":{"line":2,"column":49}},"1":{"start":{"line":3,"column":0},"end":{"line":3,"column":46}},"2":{"start":{"line":5,"column":0},"end":{"line":5,"column":24}},"3":{"start":{"line":6,"column":0},"end":{"line":6,"column":24}},"4":{"start":{"line":8,"column":13},"end":{"line":8,"column":42}},"5":{"start":{"line":9,"column":13},"end":{"line":9,"column":44}},"6":{"start":{"line":11,"column":42},"end":{"line":17,"column":1}},"7":{"start":{"line":14,"column":2},"end":{"line":16,"column":4}},"8":{"start":{"line":11,"column":13},"end":{"line":11,"column":42}},"9":{"start":{"line":19,"column":66},"end":{"line":23,"column":2}},"10":{"start":{"line":25,"column":50},"end":{"line":34,"column":2}},"11":{"start":{"line":28,"column":6},"end":{"line":34,"column":2}},"12":{"start":{"line":25,"column":13},"end":{"line":25,"column":50}},"13":{"start":{"line":36,"column":34},"end":{"line":46,"column":1}},"14":{"start":{"line":38,"column":4},"end":{"line":39,"column":6}},"15":{"start":{"line":41,"column":2},"end":{"line":43,"column":null}},"16":{"start":{"line":42,"column":4},"end":{"line":42,"column":20}},"17":{"start":{"line":45,"column":2},"end":{"line":45,"column":34}},"18":{"start":{"line":36,"column":13},"end":{"line":36,"column":34}},"19":{"start":{"line":48,"column":33},"end":{"line":58,"column":1}},"20":{"start":{"line":50,"column":4},"end":{"line":51,"column":6}},"21":{"start":{"line":53,"column":2},"end":{"line":55,"column":null}},"22":{"start":{"line":54,"column":4},"end":{"line":54,"column":20}},"23":{"start":{"line":57,"column":2},"end":{"line":57,"column":34}},"24":{"start":{"line":48,"column":13},"end":{"line":48,"column":33}},"25":{"start":{"line":60,"column":33},"end":{"line":70,"column":1}},"26":{"start":{"line":62,"column":4},"end":{"line":63,"column":6}},"27":{"start":{"line":65,"column":2},"end":{"line":67,"column":null}},"28":{"start":{"line":66,"column":4},"end":{"line":66,"column":20}},"29":{"start":{"line":69,"column":2},"end":{"line":69,"column":20}},"30":{"start":{"line":60,"column":13},"end":{"line":60,"column":33}},"31":{"start":{"line":72,"column":34},"end":{"line":82,"column":1}},"32":{"start":{"line":74,"column":4},"end":{"line":75,"column":6}},"33":{"start":{"line":77,"column":2},"end":{"line":79,"column":null}},"34":{"start":{"line":78,"column":4},"end":{"line":78,"column":20}},"35":{"start":{"line":81,"column":2},"end":{"line":81,"column":20}},"36":{"start":{"line":72,"column":13},"end":{"line":72,"column":34}},"37":{"start":{"line":84,"column":35},"end":{"line":94,"column":1}},"38":{"start":{"line":86,"column":4},"end":{"line":87,"column":6}},"39":{"start":{"line":89,"column":2},"end":{"line":91,"column":null}},"40":{"start":{"line":90,"column":4},"end":{"line":90,"column":20}},"41":{"start":{"line":93,"column":2},"end":{"line":93,"column":20}},"42":{"start":{"line":84,"column":13},"end":{"line":84,"column":35}},"43":{"start":{"line":96,"column":52},"end":{"line":120,"column":1}},"44":{"start":{"line":100,"column":2},"end":{"line":119,"column":null}},"45":{"start":{"line":102,"column":6},"end":{"line":102,"column":42}},"46":{"start":{"line":105,"column":6},"end":{"line":105,"column":41}},"47":{"start":{"line":108,"column":6},"end":{"line":108,"column":41}},"48":{"start":{"line":111,"column":6},"end":{"line":111,"column":42}},"49":{"start":{"line":114,"column":6},"end":{"line":114,"column":43}},"50":{"start":{"line":117,"column":6},"end":{"line":117,"column":42}},"51":{"start":{"line":96,"column":13},"end":{"line":96,"column":52}}},"fnMap":{"0":{"name":"(anonymous_0)","decl":{"start":{"line":11,"column":42},"end":{"line":11,"column":null}},"loc":{"start":{"line":13,"column":37},"end":{"line":17,"column":1}}},"1":{"name":"(anonymous_1)","decl":{"start":{"line":25,"column":50},"end":{"line":25,"column":null}},"loc":{"start":{"line":28,"column":6},"end":{"line":34,"column":2}}},"2":{"name":"(anonymous_2)","decl":{"start":{"line":36,"column":34},"end":{"line":36,"column":35}},"loc":{"start":{"line":36,"column":63},"end":{"line":46,"column":1}}},"3":{"name":"(anonymous_3)","decl":{"start":{"line":48,"column":33},"end":{"line":48,"column":34}},"loc":{"start":{"line":48,"column":62},"end":{"line":58,"column":1}}},"4":{"name":"(anonymous_4)","decl":{"start":{"line":60,"column":33},"end":{"line":60,"column":34}},"loc":{"start":{"line":60,"column":62},"end":{"line":70,"column":1}}},"5":{"name":"(anonymous_5)","decl":{"start":{"line":72,"column":34},"end":{"line":72,"column":35}},"loc":{"start":{"line":72,"column":63},"end":{"line":82,"column":1}}},"6":{"name":"(anonymous_6)","decl":{"start":{"line":84,"column":35},"end":{"line":84,"column":36}},"loc":{"start":{"line":84,"column":64},"end":{"line":94,"column":1}}},"7":{"name":"(anonymous_7)","decl":{"start":{"line":96,"column":52},"end":{"line":96,"column":null}},"loc":{"start":{"line":99,"column":12},"end":{"line":120,"column":1}}}},"branchMap":{"0":{"loc":{"start":{"line":38,"column":4},"end":{"line":39,"column":6}},"type":"binary-expr","locations":[{"start":{"line":38,"column":4},"end":{"line":38,"column":75}},{"start":{"line":39,"column":4},"end":{"line":39,"column":6}}]},"1":{"loc":{"start":{"line":41,"column":2},"end":{"line":43,"column":null}},"type":"if","locations":[{"start":{"line":41,"column":2},"end":{"line":43,"column":null}}]},"2":{"loc":{"start":{"line":45,"column":9},"end":{"line":45,"column":33}},"type":"binary-expr","locations":[{"start":{"line":45,"column":9},"end":{"line":45,"column":19}},{"start":{"line":45,"column":23},"end":{"line":45,"column":33}}]},"3":{"loc":{"start":{"line":50,"column":4},"end":{"line":51,"column":6}},"type":"binary-expr","locations":[{"start":{"line":50,"column":4},"end":{"line":50,"column":74}},{"start":{"line":51,"column":4},"end":{"line":51,"column":6}}]},"4":{"loc":{"start":{"line":53,"column":2},"end":{"line":55,"column":null}},"type":"if","locations":[{"start":{"line":53,"column":2},"end":{"line":55,"column":null}}]},"5":{"loc":{"start":{"line":57,"column":9},"end":{"line":57,"column":33}},"type":"binary-expr","locations":[{"start":{"line":57,"column":9},"end":{"line":57,"column":19}},{"start":{"line":57,"column":23},"end":{"line":57,"column":33}}]},"6":{"loc":{"start":{"line":62,"column":4},"end":{"line":63,"column":6}},"type":"binary-expr","locations":[{"start":{"line":62,"column":4},"end":{"line":62,"column":75}},{"start":{"line":63,"column":4},"end":{"line":63,"column":6}}]},"7":{"loc":{"start":{"line":65,"column":2},"end":{"line":67,"column":null}},"type":"if","locations":[{"start":{"line":65,"column":2},"end":{"line":67,"column":null}}]},"8":{"loc":{"start":{"line":74,"column":4},"end":{"line":75,"column":6}},"type":"binary-expr","locations":[{"start":{"line":74,"column":4},"end":{"line":74,"column":75}},{"start":{"line":75,"column":4},"end":{"line":75,"column":6}}]},"9":{"loc":{"start":{"line":77,"column":2},"end":{"line":79,"column":null}},"type":"if","locations":[{"start":{"line":77,"column":2},"end":{"line":79,"column":null}}]},"10":{"loc":{"start":{"line":86,"column":4},"end":{"line":87,"column":6}},"type":"binary-expr","locations":[{"start":{"line":86,"column":4},"end":{"line":86,"column":76}},{"start":{"line":87,"column":4},"end":{"line":87,"column":6}}]},"11":{"loc":{"start":{"line":89,"column":2},"end":{"line":91,"column":null}},"type":"if","locations":[{"start":{"line":89,"column":2},"end":{"line":91,"column":null}}]},"12":{"loc":{"start":{"line":100,"column":2},"end":{"line":119,"column":null}},"type":"switch","locations":[{"start":{"line":101,"column":4},"end":{"line":103,"column":null}},{"start":{"line":104,"column":4},"end":{"line":106,"column":null}},{"start":{"line":107,"column":4},"end":{"line":109,"column":null}},{"start":{"line":110,"column":4},"end":{"line":112,"column":null}},{"start":{"line":113,"column":4},"end":{"line":115,"column":null}},{"start":{"line":116,"column":4},"end":{"line":118,"column":null}}]}},"s":{"0":1,"1":1,"2":1,"3":1,"4":1,"5":1,"6":1,"7":0,"8":1,"9":1,"10":1,"11":0,"12":1,"13":1,"14":11,"15":11,"16":0,"17":11,"18":1,"19":1,"20":8,"21":8,"22":0,"23":8,"24":1,"25":1,"26":9,"27":9,"28":1,"29":8,"30":1,"31":1,"32":2,"33":2,"34":0,"35":2,"36":1,"37":1,"38":4,"39":4,"40":1,"41":3,"42":1,"43":1,"44":5,"45":1,"46":1,"47":1,"48":1,"49":1,"50":0,"51":1},"f":{"0":0,"1":0,"2":11,"3":8,"4":9,"5":2,"6":4,"7":5},"b":{"0":[11,0],"1":[0],"2":[11,2],"3":[8,0],"4":[0],"5":[8,1],"6":[9,1],"7":[1],"8":[2,0],"9":[0],"10":[4,1],"11":[1],"12":[1,1,1,1,1,0]}}
,"/home/runner/work/unstoppable-domains-website/unstoppable-domains-website/shared/src/domainProfile/types.ts": {"path":"/home/runner/work/unstoppable-domains-website/unstoppable-domains-website/shared/src/domainProfile/types.ts","statementMap":{"0":{"start":{"line":1,"column":0},"end":{"line":1,"column":null}},"1":{"start":{"line":2,"column":2},"end":{"line":2,"column":null}},"2":{"start":{"line":3,"column":2},"end":{"line":3,"column":null}},"3":{"start":{"line":4,"column":2},"end":{"line":4,"column":null}},"4":{"start":{"line":7,"column":0},"end":{"line":7,"column":null}},"5":{"start":{"line":8,"column":2},"end":{"line":8,"column":null}},"6":{"start":{"line":9,"column":2},"end":{"line":9,"column":null}},"7":{"start":{"line":10,"column":2},"end":{"line":10,"column":null}},"8":{"start":{"line":11,"column":2},"end":{"line":11,"column":null}},"9":{"start":{"line":12,"column":2},"end":{"line":12,"column":null}},"10":{"start":{"line":75,"column":0},"end":{"line":75,"column":null}},"11":{"start":{"line":76,"column":2},"end":{"line":76,"column":null}},"12":{"start":{"line":77,"column":2},"end":{"line":77,"column":null}},"13":{"start":{"line":78,"column":2},"end":{"line":78,"column":null}},"14":{"start":{"line":79,"column":2},"end":{"line":79,"column":null}},"15":{"start":{"line":80,"column":2},"end":{"line":80,"column":null}},"16":{"start":{"line":81,"column":2},"end":{"line":81,"column":null}},"17":{"start":{"line":82,"column":2},"end":{"line":82,"column":null}}},"fnMap":{"0":{"name":"(anonymous_0)","decl":{"start":{"line":1,"column":0},"end":{"line":1,"column":12}},"loc":{"start":{"line":1,"column":39},"end":{"line":5,"column":1}}},"1":{"name":"(anonymous_1)","decl":{"start":{"line":7,"column":0},"end":{"line":7,"column":12}},"loc":{"start":{"line":7,"column":36},"end":{"line":13,"column":1}}},"2":{"name":"(anonymous_2)","decl":{"start":{"line":75,"column":0},"end":{"line":75,"column":12}},"loc":{"start":{"line":75,"column":40},"end":{"line":83,"column":1}}}},"branchMap":{"0":{"loc":{"start":{"line":1,"column":12},"end":{"line":1,"column":null}},"type":"binary-expr","locations":[{"start":{"line":1,"column":12},"end":{"line":1,"column":39}},{"start":{"line":1,"column":12},"end":{"line":1,"column":null}}]},"1":{"loc":{"start":{"line":7,"column":12},"end":{"line":7,"column":null}},"type":"binary-expr","locations":[{"start":{"line":7,"column":12},"end":{"line":7,"column":36}},{"start":{"line":7,"column":12},"end":{"line":7,"column":null}}]},"2":{"loc":{"start":{"line":75,"column":12},"end":{"line":75,"column":null}},"type":"binary-expr","locations":[{"start":{"line":75,"column":12},"end":{"line":75,"column":40}},{"start":{"line":75,"column":12},"end":{"line":75,"column":null}}]}},"s":{"0":1,"1":1,"2":1,"3":1,"4":1,"5":1,"6":1,"7":1,"8":1,"9":1,"10":1,"11":1,"12":1,"13":1,"14":1,"15":1,"16":1,"17":1},"f":{"0":1,"1":1,"2":1},"b":{"0":[1,1],"1":[1,1],"2":[1,1]}}
,"/home/runner/work/unstoppable-domains-website/unstoppable-domains-website/shared/src/domainProfile/utils.ts": {"path":"/home/runner/work/unstoppable-domains-website/unstoppable-domains-website/shared/src/domainProfile/utils.ts","statementMap":{"0":{"start":{"line":1,"column":0},"end":{"line":1,"column":49}},"1":{"start":{"line":3,"column":13},"end":{"line":20,"column":2}},"2":{"start":{"line":22,"column":13},"end":{"line":28,"column":2}}},"fnMap":{},"branchMap":{},"s":{"0":1,"1":1,"2":1},"f":{},"b":{}}
}
