TN:
SF:src/domainProfile/index.ts
FN:11,(anonymous_0)
FN:25,(anonymous_1)
FN:36,(anonymous_2)
FN:48,(anonymous_3)
FN:60,(anonymous_4)
FN:72,(anonymous_5)
FN:84,(anonymous_6)
FN:96,(anonymous_7)
FNF:8
FNH:6
FNDA:0,(anonymous_0)
FNDA:0,(anonymous_1)
FNDA:11,(anonymous_2)
FNDA:8,(anonymous_3)
FNDA:9,(anonymous_4)
FNDA:2,(anonymous_5)
FNDA:4,(anonymous_6)
FNDA:5,(anonymous_7)
DA:2,1
DA:3,1
DA:5,1
DA:6,1
DA:8,1
DA:9,1
DA:11,1
DA:14,0
DA:19,1
DA:25,1
DA:28,0
DA:36,1
DA:38,11
DA:41,11
DA:42,0
DA:45,11
DA:48,1
DA:50,8
DA:53,8
DA:54,0
DA:57,8
DA:60,1
DA:62,9
DA:65,9
DA:66,1
DA:69,8
DA:72,1
DA:74,2
DA:77,2
DA:78,0
DA:81,2
DA:84,1
DA:86,4
DA:89,4
DA:90,1
DA:93,3
DA:96,1
DA:100,5
DA:102,1
DA:105,1
DA:108,1
DA:111,1
DA:114,1
DA:117,0
LF:44
LH:38
BRDA:38,0,0,11
BRDA:38,0,1,0
BRDA:41,1,0,0
BRDA:45,2,0,11
BRDA:45,2,1,2
BRDA:50,3,0,8
BRDA:50,3,1,0
BRDA:53,4,0,0
BRDA:57,5,0,8
BRDA:57,5,1,1
BRDA:62,6,0,9
BRDA:62,6,1,1
BRDA:65,7,0,1
BRDA:74,8,0,2
BRDA:74,8,1,0
BRDA:77,9,0,0
BRDA:86,10,0,4
BRDA:86,10,1,1
BRDA:89,11,0,1
BRDA:100,12,0,1
BRDA:100,12,1,1
BRDA:100,12,2,1
BRDA:100,12,3,1
BRDA:100,12,4,1
BRDA:100,12,5,0
BRF:25
BRH:18
end_of_record
TN:
SF:src/domainProfile/types.ts
FN:1,(anonymous_0)
FN:7,(anonymous_1)
FN:75,(anonymous_2)
FNF:3
FNH:3
FNDA:1,(anonymous_0)
FNDA:1,(anonymous_1)
FNDA:1,(anonymous_2)
DA:1,1
DA:2,1
DA:3,1
DA:4,1
DA:7,1
DA:8,1
DA:9,1
DA:10,1
DA:11,1
DA:12,1
DA:75,1
DA:76,1
DA:77,1
DA:78,1
DA:79,1
DA:80,1
DA:81,1
DA:82,1
LF:18
LH:18
BRDA:1,0,0,1
BRDA:1,0,1,1
BRDA:7,1,0,1
BRDA:7,1,1,1
BRDA:75,2,0,1
BRDA:75,2,1,1
BRF:6
BRH:6
end_of_record
TN:
SF:src/domainProfile/utils.ts
FNF:0
FNH:0
DA:1,1
DA:3,1
DA:22,1
LF:3
LH:3
BRF:0
BRH:0
end_of_record
