{"total": {"lines":{"total":134,"covered":109,"skipped":0,"pct":81.34},"statements":{"total":152,"covered":124,"skipped":0,"pct":81.57},"functions":{"total":32,"covered":21,"skipped":0,"pct":65.62},"branches":{"total":53,"covered":29,"skipped":0,"pct":54.71},"branchesTrue":{"total":0,"covered":0,"skipped":0,"pct":"Unknown"}}
,"/home/runner/work/unstoppable-domains-website/unstoppable-domains-website/shared/src/domain/index.ts": {"lines":{"total":97,"covered":72,"skipped":0,"pct":74.22},"functions":{"total":25,"covered":14,"skipped":0,"pct":56},"statements":{"total":115,"covered":87,"skipped":0,"pct":75.65},"branches":{"total":39,"covered":15,"skipped":0,"pct":38.46}}
,"/home/runner/work/unstoppable-domains-website/unstoppable-domains-website/shared/src/domain/types.ts": {"lines":{"total":37,"covered":37,"skipped":0,"pct":100},"functions":{"total":7,"covered":7,"skipped":0,"pct":100},"statements":{"total":37,"covered":37,"skipped":0,"pct":100},"branches":{"total":14,"covered":14,"skipped":0,"pct":100}}
}
