TN:
SF:src/domain/index.ts
FN:21,(anonymous_0)
FN:61,(anonymous_1)
FN:70,(anonymous_2)
FN:113,(anonymous_3)
FN:123,(anonymous_4)
FN:131,(anonymous_5)
FN:139,(anonymous_6)
FN:147,(anonymous_7)
FN:157,(anonymous_8)
FN:167,(anonymous_9)
FN:173,(anonymous_10)
FN:185,(anonymous_11)
FN:188,(anonymous_12)
FN:196,(anonymous_13)
FN:200,(anonymous_14)
FN:203,(anonymous_15)
FN:207,(anonymous_16)
FN:210,(anonymous_17)
FN:215,(anonymous_18)
FN:274,(anonymous_19)
FN:275,(anonymous_20)
FN:317,isValidStatusType
FN:320,(anonymous_22)
FN:323,isValidSortType
FN:326,(anonymous_24)
FNF:25
FNH:14
FNDA:98,(anonymous_0)
FNDA:0,(anonymous_1)
FNDA:0,(anonymous_2)
FNDA:203,(anonymous_3)
FNDA:9,(anonymous_4)
FNDA:3,(anonymous_5)
FNDA:4,(anonymous_6)
FNDA:82,(anonymous_7)
FNDA:16,(anonymous_8)
FNDA:4,(anonymous_9)
FNDA:4,(anonymous_10)
FNDA:106,(anonymous_11)
FNDA:104,(anonymous_12)
FNDA:0,(anonymous_13)
FNDA:0,(anonymous_14)
FNDA:3,(anonymous_15)
FNDA:0,(anonymous_16)
FNDA:3,(anonymous_17)
FNDA:0,(anonymous_18)
FNDA:2,(anonymous_19)
FNDA:0,(anonymous_20)
FNDA:0,isValidStatusType
FNDA:0,(anonymous_22)
FNDA:0,isValidSortType
FNDA:0,(anonymous_24)
DA:1,1
DA:8,1
DA:13,1
DA:19,1
DA:21,1
DA:22,98
DA:23,2
DA:27,96
DA:28,1
DA:31,95
DA:33,95
DA:36,1
DA:38,1
DA:40,1
DA:41,1
DA:46,1
DA:50,1
DA:61,1
DA:70,0
DA:71,0
DA:72,0
DA:75,0
DA:76,0
DA:79,0
DA:83,0
DA:86,0
DA:87,0
DA:90,0
DA:91,0
DA:94,0
DA:95,0
DA:98,0
DA:104,1
DA:108,1
DA:113,1
DA:116,203
DA:117,203
DA:119,203
DA:120,203
DA:123,1
DA:127,9
DA:128,9
DA:131,1
DA:132,3
DA:133,3
DA:135,0
DA:139,1
DA:140,4
DA:141,4
DA:143,0
DA:147,1
DA:148,82
DA:149,6
DA:152,76
DA:154,76
DA:157,1
DA:158,16
DA:159,1
DA:162,15
DA:164,15
DA:167,1
DA:170,4
DA:173,1
DA:174,4
DA:175,4
DA:179,4
DA:185,1
DA:186,106
DA:188,1
DA:189,104
DA:190,3
DA:193,101
DA:196,1
DA:197,0
DA:200,1
DA:201,0
DA:203,1
DA:207,3
DA:210,1
DA:214,3
DA:216,0
DA:226,1
DA:251,1
DA:274,1
DA:275,2
DA:276,0
DA:280,0
DA:285,0
DA:292,1
DA:299,1
DA:303,1
DA:308,1
DA:317,1
DA:320,0
DA:323,1
DA:326,0
DA:328,0
LF:97
LH:72
BRDA:22,0,0,2
BRDA:27,1,0,1
BRDA:71,2,0,0
BRDA:71,3,0,0
BRDA:71,3,1,0
BRDA:75,4,0,0
BRDA:75,5,0,0
BRDA:75,5,1,0
BRDA:79,6,0,0
BRDA:80,7,0,0
BRDA:80,7,1,0
BRDA:86,8,0,0
BRDA:86,9,0,0
BRDA:86,9,1,0
BRDA:90,10,0,0
BRDA:90,11,0,0
BRDA:90,11,1,0
BRDA:94,12,0,0
BRDA:94,13,0,0
BRDA:94,13,1,0
BRDA:148,14,0,6
BRDA:158,15,0,1
BRDA:174,16,0,4
BRDA:174,16,1,2
BRDA:179,17,0,4
BRDA:179,17,1,3
BRDA:189,18,0,3
BRDA:207,19,0,3
BRDA:207,19,1,3
BRDA:207,19,2,2
BRDA:215,20,0,3
BRDA:215,20,1,3
BRDA:215,20,2,2
BRDA:276,21,0,0
BRDA:276,21,1,0
BRDA:277,22,0,0
BRDA:277,22,1,0
BRDA:280,23,0,0
BRDA:280,23,1,0
BRF:39
BRH:15
end_of_record
TN:
SF:src/domain/types.ts
FN:7,(anonymous_0)
FN:24,(anonymous_1)
FN:39,(anonymous_2)
FN:50,(anonymous_3)
FN:54,(anonymous_4)
FN:66,(anonymous_5)
FN:78,(anonymous_6)
FNF:7
FNH:7
FNDA:1,(anonymous_0)
FNDA:1,(anonymous_1)
FNDA:1,(anonymous_2)
FNDA:1,(anonymous_3)
FNDA:1,(anonymous_4)
FNDA:1,(anonymous_5)
FNDA:1,(anonymous_6)
DA:7,1
DA:8,1
DA:9,1
DA:10,1
DA:11,1
DA:12,1
DA:13,1
DA:14,1
DA:15,1
DA:16,1
DA:17,1
DA:18,1
DA:19,1
DA:20,1
DA:21,1
DA:24,1
DA:25,1
DA:29,1
DA:39,1
DA:50,1
DA:51,1
DA:54,1
DA:55,1
DA:66,1
DA:67,1
DA:68,1
DA:69,1
DA:70,1
DA:71,1
DA:72,1
DA:73,1
DA:74,1
DA:75,1
DA:78,1
DA:79,1
DA:80,1
DA:81,1
LF:37
LH:37
BRDA:7,0,0,1
BRDA:7,0,1,1
BRDA:24,1,0,1
BRDA:24,1,1,1
BRDA:39,2,0,1
BRDA:39,2,1,1
BRDA:50,3,0,1
BRDA:50,3,1,1
BRDA:54,4,0,1
BRDA:54,4,1,1
BRDA:66,5,0,1
BRDA:66,5,1,1
BRDA:78,6,0,1
BRDA:78,6,1,1
BRF:14
BRH:14
end_of_record
