{"/home/runner/work/unstoppable-domains-website/unstoppable-domains-website/shared/src/domain/index.ts":{"path":"/home/runner/work/unstoppable-domains-website/unstoppable-domains-website/shared/src/domain/index.ts","statementMap":{"0":{"start":{"line":1,"column":0},"end":{"line":1,"column":32}},"1":{"start":{"line":8,"column":0},"end":{"line":8,"column":null}},"2":{"start":{"line":13,"column":0},"end":{"line":13,"column":47}},"3":{"start":{"line":19,"column":33},"end":{"line":19,"column":62}},"4":{"start":{"line":21,"column":28},"end":{"line":34,"column":1}},"5":{"start":{"line":22,"column":2},"end":{"line":24,"column":null}},"6":{"start":{"line":23,"column":4},"end":{"line":23,"column":17}},"7":{"start":{"line":27,"column":2},"end":{"line":29,"column":null}},"8":{"start":{"line":28,"column":4},"end":{"line":28,"column":17}},"9":{"start":{"line":31,"column":18},"end":{"line":31,"column":37}},"10":{"start":{"line":33,"column":2},"end":{"line":33,"column":35}},"11":{"start":{"line":36,"column":0},"end":{"line":36,"column":24}},"12":{"start":{"line":38,"column":13},"end":{"line":38,"column":43}},"13":{"start":{"line":40,"column":13},"end":{"line":40,"column":73}},"14":{"start":{"line":41,"column":13},"end":{"line":43,"column":2}},"15":{"start":{"line":46,"column":13},"end":{"line":46,"column":76}},"16":{"start":{"line":50,"column":13},"end":{"line":53,"column":2}},"17":{"start":{"line":61,"column":41},"end":{"line":97,"column":1}},"18":{"start":{"line":69,"column":2},"end":{"line":96,"column":5}},"19":{"start":{"line":70,"column":4},"end":{"line":72,"column":null}},"20":{"start":{"line":71,"column":6},"end":{"line":71,"column":19}},"21":{"start":{"line":74,"column":4},"end":{"line":76,"column":null}},"22":{"start":{"line":75,"column":6},"end":{"line":75,"column":19}},"23":{"start":{"line":78,"column":4},"end":{"line":83,"column":null}},"24":{"start":{"line":82,"column":6},"end":{"line":82,"column":19}},"25":{"start":{"line":85,"column":4},"end":{"line":87,"column":null}},"26":{"start":{"line":86,"column":6},"end":{"line":86,"column":19}},"27":{"start":{"line":89,"column":4},"end":{"line":91,"column":null}},"28":{"start":{"line":90,"column":6},"end":{"line":90,"column":19}},"29":{"start":{"line":93,"column":4},"end":{"line":95,"column":7}},"30":{"start":{"line":61,"column":13},"end":{"line":61,"column":41}},"31":{"start":{"line":99,"column":13},"end":{"line":101,"column":39}},"32":{"start":{"line":103,"column":13},"end":{"line":106,"column":2}},"33":{"start":{"line":108,"column":27},"end":{"line":116,"column":1}},"34":{"start":{"line":111,"column":19},"end":{"line":111,"column":36}},"35":{"start":{"line":112,"column":20},"end":{"line":112,"column":35}},"36":{"start":{"line":114,"column":16},"end":{"line":114,"column":34}},"37":{"start":{"line":115,"column":2},"end":{"line":115,"column":60}},"38":{"start":{"line":108,"column":13},"end":{"line":108,"column":27}},"39":{"start":{"line":118,"column":31},"end":{"line":124,"column":1}},"40":{"start":{"line":122,"column":22},"end":{"line":122,"column":41}},"41":{"start":{"line":123,"column":2},"end":{"line":123,"column":36}},"42":{"start":{"line":118,"column":13},"end":{"line":118,"column":31}},"43":{"start":{"line":126,"column":29},"end":{"line":132,"column":1}},"44":{"start":{"line":127,"column":2},"end":{"line":131,"column":null}},"45":{"start":{"line":128,"column":4},"end":{"line":128,"column":36}},"46":{"start":{"line":130,"column":4},"end":{"line":130,"column":18}},"47":{"start":{"line":126,"column":13},"end":{"line":126,"column":29}},"48":{"start":{"line":134,"column":31},"end":{"line":140,"column":1}},"49":{"start":{"line":135,"column":2},"end":{"line":139,"column":null}},"50":{"start":{"line":136,"column":4},"end":{"line":136,"column":38}},"51":{"start":{"line":138,"column":4},"end":{"line":138,"column":18}},"52":{"start":{"line":134,"column":13},"end":{"line":134,"column":31}},"53":{"start":{"line":142,"column":40},"end":{"line":150,"column":1}},"54":{"start":{"line":143,"column":2},"end":{"line":145,"column":null}},"55":{"start":{"line":144,"column":4},"end":{"line":144,"column":17}},"56":{"start":{"line":147,"column":22},"end":{"line":147,"column":41}},"57":{"start":{"line":149,"column":2},"end":{"line":149,"column":75}},"58":{"start":{"line":142,"column":13},"end":{"line":142,"column":40}},"59":{"start":{"line":152,"column":37},"end":{"line":160,"column":1}},"60":{"start":{"line":153,"column":2},"end":{"line":155,"column":null}},"61":{"start":{"line":154,"column":4},"end":{"line":154,"column":17}},"62":{"start":{"line":157,"column":22},"end":{"line":157,"column":41}},"63":{"start":{"line":159,"column":2},"end":{"line":159,"column":78}},"64":{"start":{"line":152,"column":13},"end":{"line":152,"column":37}},"65":{"start":{"line":162,"column":46},"end":{"line":166,"column":1}},"66":{"start":{"line":165,"column":2},"end":{"line":165,"column":75}},"67":{"start":{"line":162,"column":13},"end":{"line":162,"column":46}},"68":{"start":{"line":168,"column":40},"end":{"line":175,"column":1}},"69":{"start":{"line":169,"column":20},"end":{"line":169,"column":71}},"70":{"start":{"line":170,"column":20},"end":{"line":171,"column":null}},"71":{"start":{"line":174,"column":2},"end":{"line":174,"column":32}},"72":{"start":{"line":168,"column":13},"end":{"line":168,"column":40}},"73":{"start":{"line":180,"column":42},"end":{"line":181,"column":26}},"74":{"start":{"line":181,"column":2},"end":{"line":181,"column":26}},"75":{"start":{"line":180,"column":13},"end":{"line":180,"column":42}},"76":{"start":{"line":183,"column":34},"end":{"line":189,"column":1}},"77":{"start":{"line":184,"column":2},"end":{"line":186,"column":null}},"78":{"start":{"line":185,"column":4},"end":{"line":185,"column":17}},"79":{"start":{"line":188,"column":2},"end":{"line":188,"column":46}},"80":{"start":{"line":183,"column":13},"end":{"line":183,"column":34}},"81":{"start":{"line":191,"column":43},"end":{"line":193,"column":1}},"82":{"start":{"line":192,"column":2},"end":{"line":192,"column":31}},"83":{"start":{"line":191,"column":13},"end":{"line":191,"column":43}},"84":{"start":{"line":195,"column":33},"end":{"line":196,"column":42}},"85":{"start":{"line":196,"column":2},"end":{"line":196,"column":42}},"86":{"start":{"line":195,"column":13},"end":{"line":195,"column":33}},"87":{"start":{"line":198,"column":37},"end":{"line":203,"column":76}},"88":{"start":{"line":202,"column":2},"end":{"line":203,"column":76}},"89":{"start":{"line":202,"column":47},"end":{"line":202,"column":64}},"90":{"start":{"line":198,"column":13},"end":{"line":198,"column":37}},"91":{"start":{"line":205,"column":34},"end":{"line":216,"column":1}},"92":{"start":{"line":209,"column":2},"end":{"line":215,"column":4}},"93":{"start":{"line":211,"column":6},"end":{"line":211,"column":34}},"94":{"start":{"line":205,"column":13},"end":{"line":205,"column":34}},"95":{"start":{"line":221,"column":13},"end":{"line":240,"column":2}},"96":{"start":{"line":245,"column":13},"end":{"line":264,"column":2}},"97":{"start":{"line":267,"column":2},"end":{"line":280,"column":3}},"98":{"start":{"line":268,"column":2},"end":{"line":280,"column":3}},"99":{"start":{"line":269,"column":4},"end":{"line":279,"column":null}},"100":{"start":{"line":273,"column":6},"end":{"line":276,"column":13}},"101":{"start":{"line":278,"column":6},"end":{"line":278,"column":15}},"102":{"start":{"line":285,"column":13},"end":{"line":287,"column":2}},"103":{"start":{"line":292,"column":13},"end":{"line":294,"column":2}},"104":{"start":{"line":296,"column":13},"end":{"line":299,"column":11}},"105":{"start":{"line":301,"column":13},"end":{"line":308,"column":11}},"106":{"start":{"line":313,"column":2},"end":{"line":313,"column":70}},"107":{"start":{"line":313,"column":54},"end":{"line":313,"column":68}},"108":{"start":{"line":310,"column":0},"end":{"line":310,"column":16}},"109":{"start":{"line":319,"column":16},"end":{"line":319,"column":76}},"110":{"start":{"line":319,"column":55},"end":{"line":319,"column":75}},"111":{"start":{"line":321,"column":2},"end":{"line":321,"column":24}},"112":{"start":{"line":316,"column":0},"end":{"line":316,"column":16}}},"fnMap":{"0":{"name":"(anonymous_0)","decl":{"start":{"line":21,"column":28},"end":{"line":21,"column":29}},"loc":{"start":{"line":21,"column":47},"end":{"line":34,"column":1}}},"1":{"name":"(anonymous_1)","decl":{"start":{"line":61,"column":41},"end":{"line":61,"column":42}},"loc":{"start":{"line":68,"column":44},"end":{"line":97,"column":1}}},"2":{"name":"(anonymous_2)","decl":{"start":{"line":69,"column":35},"end":{"line":69,"column":36}},"loc":{"start":{"line":69,"column":46},"end":{"line":96,"column":3}}},"3":{"name":"(anonymous_3)","decl":{"start":{"line":108,"column":27},"end":{"line":108,"column":null}},"loc":{"start":{"line":110,"column":51},"end":{"line":116,"column":1}}},"4":{"name":"(anonymous_4)","decl":{"start":{"line":118,"column":31},"end":{"line":118,"column":null}},"loc":{"start":{"line":121,"column":13},"end":{"line":124,"column":1}}},"5":{"name":"(anonymous_5)","decl":{"start":{"line":126,"column":29},"end":{"line":126,"column":30}},"loc":{"start":{"line":126,"column":56},"end":{"line":132,"column":1}}},"6":{"name":"(anonymous_6)","decl":{"start":{"line":134,"column":31},"end":{"line":134,"column":32}},"loc":{"start":{"line":134,"column":58},"end":{"line":140,"column":1}}},"7":{"name":"(anonymous_7)","decl":{"start":{"line":142,"column":40},"end":{"line":142,"column":41}},"loc":{"start":{"line":142,"column":59},"end":{"line":150,"column":1}}},"8":{"name":"(anonymous_8)","decl":{"start":{"line":152,"column":37},"end":{"line":152,"column":38}},"loc":{"start":{"line":152,"column":56},"end":{"line":160,"column":1}}},"9":{"name":"(anonymous_9)","decl":{"start":{"line":162,"column":46},"end":{"line":162,"column":null}},"loc":{"start":{"line":164,"column":4},"end":{"line":166,"column":1}}},"10":{"name":"(anonymous_10)","decl":{"start":{"line":168,"column":40},"end":{"line":168,"column":41}},"loc":{"start":{"line":168,"column":67},"end":{"line":175,"column":1}}},"11":{"name":"(anonymous_11)","decl":{"start":{"line":180,"column":42},"end":{"line":180,"column":43}},"loc":{"start":{"line":181,"column":2},"end":{"line":181,"column":26}}},"12":{"name":"(anonymous_12)","decl":{"start":{"line":183,"column":34},"end":{"line":183,"column":35}},"loc":{"start":{"line":183,"column":61},"end":{"line":189,"column":1}}},"13":{"name":"(anonymous_13)","decl":{"start":{"line":191,"column":43},"end":{"line":191,"column":44}},"loc":{"start":{"line":191,"column":60},"end":{"line":193,"column":1}}},"14":{"name":"(anonymous_14)","decl":{"start":{"line":195,"column":33},"end":{"line":195,"column":34}},"loc":{"start":{"line":196,"column":2},"end":{"line":196,"column":42}}},"15":{"name":"(anonymous_15)","decl":{"start":{"line":198,"column":37},"end":{"line":198,"column":null}},"loc":{"start":{"line":202,"column":2},"end":{"line":203,"column":76}}},"16":{"name":"(anonymous_16)","decl":{"start":{"line":202,"column":38},"end":{"line":202,"column":39}},"loc":{"start":{"line":202,"column":47},"end":{"line":202,"column":64}}},"17":{"name":"(anonymous_17)","decl":{"start":{"line":205,"column":34},"end":{"line":205,"column":null}},"loc":{"start":{"line":208,"column":4},"end":{"line":216,"column":1}}},"18":{"name":"(anonymous_18)","decl":{"start":{"line":210,"column":40},"end":{"line":210,"column":41}},"loc":{"start":{"line":211,"column":6},"end":{"line":211,"column":34}}},"19":{"name":"(anonymous_19)","decl":{"start":{"line":267,"column":2},"end":{"line":267,"column":3}},"loc":{"start":{"line":268,"column":2},"end":{"line":280,"column":3}}},"20":{"name":"(anonymous_20)","decl":{"start":{"line":268,"column":2},"end":{"line":268,"column":3}},"loc":{"start":{"line":268,"column":49},"end":{"line":280,"column":3}}},"21":{"name":"isValidStatusType","decl":{"start":{"line":310,"column":16},"end":{"line":310,"column":33}},"loc":{"start":{"line":311,"column":16},"end":{"line":314,"column":1}}},"22":{"name":"(anonymous_22)","decl":{"start":{"line":313,"column":45},"end":{"line":313,"column":46}},"loc":{"start":{"line":313,"column":54},"end":{"line":313,"column":68}}},"23":{"name":"isValidSortType","decl":{"start":{"line":316,"column":16},"end":{"line":316,"column":31}},"loc":{"start":{"line":317,"column":14},"end":{"line":322,"column":1}}},"24":{"name":"(anonymous_24)","decl":{"start":{"line":319,"column":46},"end":{"line":319,"column":47}},"loc":{"start":{"line":319,"column":55},"end":{"line":319,"column":75}}}},"branchMap":{"0":{"loc":{"start":{"line":22,"column":2},"end":{"line":24,"column":null}},"type":"if","locations":[{"start":{"line":22,"column":2},"end":{"line":24,"column":null}}]},"1":{"loc":{"start":{"line":27,"column":2},"end":{"line":29,"column":null}},"type":"if","locations":[{"start":{"line":27,"column":2},"end":{"line":29,"column":null}}]},"2":{"loc":{"start":{"line":70,"column":4},"end":{"line":72,"column":null}},"type":"if","locations":[{"start":{"line":70,"column":4},"end":{"line":72,"column":null}}]},"3":{"loc":{"start":{"line":70,"column":8},"end":{"line":70,"column":71}},"type":"binary-expr","locations":[{"start":{"line":70,"column":8},"end":{"line":70,"column":50}},{"start":{"line":70,"column":54},"end":{"line":70,"column":71}}]},"4":{"loc":{"start":{"line":74,"column":4},"end":{"line":76,"column":null}},"type":"if","locations":[{"start":{"line":74,"column":4},"end":{"line":76,"column":null}}]},"5":{"loc":{"start":{"line":74,"column":8},"end":{"line":74,"column":65}},"type":"binary-expr","locations":[{"start":{"line":74,"column":8},"end":{"line":74,"column":47}},{"start":{"line":74,"column":51},"end":{"line":74,"column":65}}]},"6":{"loc":{"start":{"line":78,"column":4},"end":{"line":83,"column":null}},"type":"if","locations":[{"start":{"line":78,"column":4},"end":{"line":83,"column":null}}]},"7":{"loc":{"start":{"line":79,"column":6},"end":{"line":80,"column":27}},"type":"binary-expr","locations":[{"start":{"line":79,"column":6},"end":{"line":79,"column":52}},{"start":{"line":80,"column":6},"end":{"line":80,"column":27}}]},"8":{"loc":{"start":{"line":85,"column":4},"end":{"line":87,"column":null}},"type":"if","locations":[{"start":{"line":85,"column":4},"end":{"line":87,"column":null}}]},"9":{"loc":{"start":{"line":85,"column":8},"end":{"line":85,"column":69}},"type":"binary-expr","locations":[{"start":{"line":85,"column":8},"end":{"line":85,"column":49}},{"start":{"line":85,"column":53},"end":{"line":85,"column":69}}]},"10":{"loc":{"start":{"line":89,"column":4},"end":{"line":91,"column":null}},"type":"if","locations":[{"start":{"line":89,"column":4},"end":{"line":91,"column":null}}]},"11":{"loc":{"start":{"line":89,"column":8},"end":{"line":89,"column":71}},"type":"binary-expr","locations":[{"start":{"line":89,"column":8},"end":{"line":89,"column":50}},{"start":{"line":89,"column":54},"end":{"line":89,"column":71}}]},"12":{"loc":{"start":{"line":143,"column":2},"end":{"line":145,"column":null}},"type":"if","locations":[{"start":{"line":143,"column":2},"end":{"line":145,"column":null}}]},"13":{"loc":{"start":{"line":153,"column":2},"end":{"line":155,"column":null}},"type":"if","locations":[{"start":{"line":153,"column":2},"end":{"line":155,"column":null}}]},"14":{"loc":{"start":{"line":169,"column":20},"end":{"line":169,"column":71}},"type":"binary-expr","locations":[{"start":{"line":169,"column":20},"end":{"line":169,"column":50}},{"start":{"line":169,"column":54},"end":{"line":169,"column":71}}]},"15":{"loc":{"start":{"line":174,"column":9},"end":{"line":174,"column":31}},"type":"binary-expr","locations":[{"start":{"line":174,"column":9},"end":{"line":174,"column":18}},{"start":{"line":174,"column":22},"end":{"line":174,"column":31}}]},"16":{"loc":{"start":{"line":184,"column":2},"end":{"line":186,"column":null}},"type":"if","locations":[{"start":{"line":184,"column":2},"end":{"line":186,"column":null}}]},"17":{"loc":{"start":{"line":202,"column":2},"end":{"line":203,"column":76}},"type":"binary-expr","locations":[{"start":{"line":202,"column":2},"end":{"line":202,"column":65}},{"start":{"line":203,"column":3},"end":{"line":203,"column":51}},{"start":{"line":203,"column":55},"end":{"line":203,"column":75}}]},"18":{"loc":{"start":{"line":210,"column":4},"end":{"line":214,"column":27}},"type":"binary-expr","locations":[{"start":{"line":210,"column":4},"end":{"line":211,"column":null}},{"start":{"line":213,"column":5},"end":{"line":213,"column":64}},{"start":{"line":214,"column":6},"end":{"line":214,"column":26}}]},"19":{"loc":{"start":{"line":269,"column":4},"end":{"line":279,"column":null}},"type":"if","locations":[{"start":{"line":269,"column":4},"end":{"line":279,"column":null}},{"start":{"line":277,"column":11},"end":{"line":279,"column":null}}]},"20":{"loc":{"start":{"line":270,"column":6},"end":{"line":271,"column":49}},"type":"binary-expr","locations":[{"start":{"line":270,"column":6},"end":{"line":270,"column":49}},{"start":{"line":271,"column":6},"end":{"line":271,"column":49}}]},"21":{"loc":{"start":{"line":273,"column":13},"end":{"line":276,"column":12}},"type":"cond-expr","locations":[{"start":{"line":275,"column":10},"end":{"line":275,"column":11}},{"start":{"line":276,"column":10},"end":{"line":276,"column":12}}]}},"s":{"0":6,"1":6,"2":6,"3":6,"4":6,"5":188,"6":4,"7":184,"8":2,"9":182,"10":182,"11":6,"12":6,"13":6,"14":6,"15":6,"16":6,"17":6,"18":0,"19":0,"20":0,"21":0,"22":0,"23":0,"24":0,"25":0,"26":0,"27":0,"28":0,"29":0,"30":6,"31":6,"32":6,"33":6,"34":416,"35":416,"36":416,"37":416,"38":6,"39":6,"40":18,"41":18,"42":6,"43":6,"44":6,"45":6,"46":0,"47":6,"48":6,"49":32,"50":32,"51":0,"52":6,"53":6,"54":158,"55":12,"56":146,"57":146,"58":6,"59":6,"60":30,"61":2,"62":28,"63":28,"64":6,"65":6,"66":28,"67":6,"68":6,"69":8,"70":8,"71":8,"72":6,"73":6,"74":224,"75":6,"76":6,"77":220,"78":6,"79":214,"80":6,"81":6,"82":0,"83":6,"84":6,"85":0,"86":6,"87":6,"88":6,"89":0,"90":6,"91":6,"92":6,"93":0,"94":6,"95":6,"96":6,"97":6,"98":12,"99":0,"100":0,"101":0,"102":6,"103":6,"104":6,"105":6,"106":0,"107":0,"108":6,"109":0,"110":0,"111":0,"112":6},"f":{"0":188,"1":0,"2":0,"3":416,"4":18,"5":6,"6":32,"7":158,"8":30,"9":28,"10":8,"11":224,"12":220,"13":0,"14":0,"15":6,"16":0,"17":6,"18":0,"19":12,"20":0,"21":0,"22":0,"23":0,"24":0},"b":{"0":[4],"1":[2],"2":[0],"3":[0,0],"4":[0],"5":[0,0],"6":[0],"7":[0,0],"8":[0],"9":[0,0],"10":[0],"11":[0,0],"12":[12],"13":[2],"14":[8,4],"15":[8,6],"16":[6],"17":[6,6,4],"18":[6,6,4],"19":[0,0],"20":[0,0],"21":[0,0]}},"/home/runner/work/unstoppable-domains-website/unstoppable-domains-website/shared/src/domain/types.ts":{"path":"/home/runner/work/unstoppable-domains-website/unstoppable-domains-website/shared/src/domain/types.ts","statementMap":{"0":{"start":{"line":7,"column":0},"end":{"line":7,"column":null}},"1":{"start":{"line":8,"column":2},"end":{"line":8,"column":null}},"2":{"start":{"line":9,"column":2},"end":{"line":9,"column":null}},"3":{"start":{"line":10,"column":2},"end":{"line":10,"column":null}},"4":{"start":{"line":11,"column":2},"end":{"line":11,"column":null}},"5":{"start":{"line":12,"column":2},"end":{"line":12,"column":null}},"6":{"start":{"line":13,"column":2},"end":{"line":13,"column":null}},"7":{"start":{"line":14,"column":2},"end":{"line":14,"column":null}},"8":{"start":{"line":15,"column":2},"end":{"line":15,"column":null}},"9":{"start":{"line":16,"column":2},"end":{"line":16,"column":null}},"10":{"start":{"line":17,"column":2},"end":{"line":17,"column":null}},"11":{"start":{"line":18,"column":2},"end":{"line":18,"column":null}},"12":{"start":{"line":19,"column":2},"end":{"line":19,"column":null}},"13":{"start":{"line":20,"column":2},"end":{"line":20,"column":null}},"14":{"start":{"line":23,"column":0},"end":{"line":23,"column":null}},"15":{"start":{"line":24,"column":2},"end":{"line":24,"column":null}},"16":{"start":{"line":28,"column":13},"end":{"line":31,"column":2}},"17":{"start":{"line":38,"column":0},"end":{"line":38,"column":34}},"18":{"start":{"line":49,"column":0},"end":{"line":49,"column":null}},"19":{"start":{"line":50,"column":2},"end":{"line":50,"column":null}},"20":{"start":{"line":53,"column":0},"end":{"line":53,"column":null}},"21":{"start":{"line":54,"column":2},"end":{"line":54,"column":null}},"22":{"start":{"line":65,"column":0},"end":{"line":65,"column":null}},"23":{"start":{"line":66,"column":2},"end":{"line":66,"column":null}},"24":{"start":{"line":67,"column":2},"end":{"line":67,"column":null}},"25":{"start":{"line":68,"column":2},"end":{"line":68,"column":null}},"26":{"start":{"line":69,"column":2},"end":{"line":69,"column":null}},"27":{"start":{"line":70,"column":2},"end":{"line":70,"column":null}},"28":{"start":{"line":71,"column":2},"end":{"line":71,"column":null}},"29":{"start":{"line":72,"column":2},"end":{"line":72,"column":null}},"30":{"start":{"line":73,"column":2},"end":{"line":73,"column":null}},"31":{"start":{"line":74,"column":2},"end":{"line":74,"column":null}},"32":{"start":{"line":77,"column":0},"end":{"line":77,"column":null}},"33":{"start":{"line":78,"column":2},"end":{"line":78,"column":null}},"34":{"start":{"line":79,"column":2},"end":{"line":79,"column":null}},"35":{"start":{"line":80,"column":2},"end":{"line":80,"column":null}}},"fnMap":{"0":{"name":"(anonymous_0)","decl":{"start":{"line":7,"column":0},"end":{"line":7,"column":12}},"loc":{"start":{"line":7,"column":38},"end":{"line":21,"column":1}}},"1":{"name":"(anonymous_1)","decl":{"start":{"line":23,"column":0},"end":{"line":23,"column":12}},"loc":{"start":{"line":23,"column":42},"end":{"line":25,"column":1}}},"2":{"name":"(anonymous_2)","decl":{"start":{"line":38,"column":0},"end":{"line":38,"column":12}},"loc":{"start":{"line":38,"column":32},"end":{"line":38,"column":35}}},"3":{"name":"(anonymous_3)","decl":{"start":{"line":49,"column":0},"end":{"line":49,"column":12}},"loc":{"start":{"line":49,"column":21},"end":{"line":51,"column":1}}},"4":{"name":"(anonymous_4)","decl":{"start":{"line":53,"column":0},"end":{"line":53,"column":12}},"loc":{"start":{"line":53,"column":28},"end":{"line":55,"column":1}}},"5":{"name":"(anonymous_5)","decl":{"start":{"line":65,"column":0},"end":{"line":65,"column":12}},"loc":{"start":{"line":65,"column":24},"end":{"line":75,"column":1}}},"6":{"name":"(anonymous_6)","decl":{"start":{"line":77,"column":0},"end":{"line":77,"column":12}},"loc":{"start":{"line":77,"column":23},"end":{"line":81,"column":1}}}},"branchMap":{"0":{"loc":{"start":{"line":7,"column":12},"end":{"line":7,"column":null}},"type":"binary-expr","locations":[{"start":{"line":7,"column":12},"end":{"line":7,"column":38}},{"start":{"line":7,"column":12},"end":{"line":7,"column":null}}]},"1":{"loc":{"start":{"line":23,"column":12},"end":{"line":23,"column":null}},"type":"binary-expr","locations":[{"start":{"line":23,"column":12},"end":{"line":23,"column":42}},{"start":{"line":23,"column":12},"end":{"line":23,"column":null}}]},"2":{"loc":{"start":{"line":38,"column":12},"end":{"line":38,"column":34}},"type":"binary-expr","locations":[{"start":{"line":38,"column":12},"end":{"line":38,"column":32}},{"start":{"line":38,"column":12},"end":{"line":38,"column":34}}]},"3":{"loc":{"start":{"line":49,"column":12},"end":{"line":49,"column":null}},"type":"binary-expr","locations":[{"start":{"line":49,"column":12},"end":{"line":49,"column":21}},{"start":{"line":49,"column":12},"end":{"line":49,"column":null}}]},"4":{"loc":{"start":{"line":53,"column":12},"end":{"line":53,"column":null}},"type":"binary-expr","locations":[{"start":{"line":53,"column":12},"end":{"line":53,"column":28}},{"start":{"line":53,"column":12},"end":{"line":53,"column":null}}]},"5":{"loc":{"start":{"line":65,"column":12},"end":{"line":65,"column":null}},"type":"binary-expr","locations":[{"start":{"line":65,"column":12},"end":{"line":65,"column":24}},{"start":{"line":65,"column":12},"end":{"line":65,"column":null}}]},"6":{"loc":{"start":{"line":77,"column":12},"end":{"line":77,"column":null}},"type":"binary-expr","locations":[{"start":{"line":77,"column":12},"end":{"line":77,"column":23}},{"start":{"line":77,"column":12},"end":{"line":77,"column":null}}]}},"s":{"0":6,"1":6,"2":6,"3":6,"4":6,"5":6,"6":6,"7":6,"8":6,"9":6,"10":6,"11":6,"12":6,"13":6,"14":6,"15":6,"16":6,"17":6,"18":6,"19":6,"20":6,"21":6,"22":6,"23":6,"24":6,"25":6,"26":6,"27":6,"28":6,"29":6,"30":6,"31":6,"32":6,"33":6,"34":6,"35":6},"f":{"0":6,"1":6,"2":6,"3":6,"4":6,"5":6,"6":6},"b":{"0":[6,6],"1":[6,6],"2":[6,6],"3":[6,6],"4":[6,6],"5":[6,6],"6":[6,6]}},"/home/runner/work/unstoppable-domains-website/unstoppable-domains-website/shared/src/email/index.ts":{"path":"/home/runner/work/unstoppable-domains-website/unstoppable-domains-website/shared/src/email/index.ts","statementMap":{"0":{"start":{"line":2,"column":2},"end":{"line":2,"column":154}},"1":{"start":{"line":4,"column":28},"end":{"line":6,"column":1}},"2":{"start":{"line":5,"column":2},"end":{"line":5,"column":67}},"3":{"start":{"line":4,"column":13},"end":{"line":4,"column":28}},"4":{"start":{"line":8,"column":27},"end":{"line":14,"column":1}},"5":{"start":{"line":9,"column":2},"end":{"line":13,"column":null}},"6":{"start":{"line":10,"column":4},"end":{"line":10,"column":44}},"7":{"start":{"line":12,"column":4},"end":{"line":12,"column":16}},"8":{"start":{"line":8,"column":13},"end":{"line":8,"column":27}},"9":{"start":{"line":16,"column":13},"end":{"line":16,"column":62}},"10":{"start":{"line":17,"column":13},"end":{"line":17,"column":68}},"11":{"start":{"line":18,"column":13},"end":{"line":18,"column":80}},"12":{"start":{"line":19,"column":13},"end":{"line":19,"column":65}},"13":{"start":{"line":20,"column":13},"end":{"line":20,"column":74}},"14":{"start":{"line":21,"column":13},"end":{"line":21,"column":63}},"15":{"start":{"line":22,"column":13},"end":{"line":22,"column":58}},"16":{"start":{"line":23,"column":13},"end":{"line":23,"column":68}}},"fnMap":{"0":{"name":"(anonymous_0)","decl":{"start":{"line":4,"column":28},"end":{"line":4,"column":29}},"loc":{"start":{"line":4,"column":55},"end":{"line":6,"column":1}}},"1":{"name":"(anonymous_1)","decl":{"start":{"line":8,"column":27},"end":{"line":8,"column":28}},"loc":{"start":{"line":8,"column":67},"end":{"line":14,"column":1}}}},"branchMap":{"0":{"loc":{"start":{"line":5,"column":9},"end":{"line":5,"column":66}},"type":"binary-expr","locations":[{"start":{"line":5,"column":9},"end":{"line":5,"column":16}},{"start":{"line":5,"column":20},"end":{"line":5,"column":43}},{"start":{"line":5,"column":47},"end":{"line":5,"column":66}}]}},"s":{"0":4,"1":4,"2":12,"3":4,"4":4,"5":8,"6":8,"7":2,"8":4,"9":4,"10":4,"11":4,"12":4,"13":4,"14":4,"15":4,"16":4},"f":{"0":12,"1":8},"b":{"0":[12,12,4]}},"/home/runner/work/unstoppable-domains-website/unstoppable-domains-website/shared/src/referral/index.ts":{"path":"/home/runner/work/unstoppable-domains-website/unstoppable-domains-website/shared/src/referral/index.ts","statementMap":{"0":{"start":{"line":1,"column":0},"end":{"line":1,"column":38}},"1":{"start":{"line":3,"column":0},"end":{"line":3,"column":60}},"2":{"start":{"line":5,"column":45},"end":{"line":16,"column":1}},"3":{"start":{"line":8,"column":2},"end":{"line":15,"column":null}},"4":{"start":{"line":10,"column":6},"end":{"line":10,"column":64}},"5":{"start":{"line":12,"column":6},"end":{"line":12,"column":60}},"6":{"start":{"line":14,"column":6},"end":{"line":14,"column":64}},"7":{"start":{"line":5,"column":13},"end":{"line":5,"column":45}},"8":{"start":{"line":21,"column":13},"end":{"line":40,"column":3}},"9":{"start":{"line":42,"column":0},"end":{"line":42,"column":24}}},"fnMap":{"0":{"name":"(anonymous_0)","decl":{"start":{"line":5,"column":45},"end":{"line":5,"column":null}},"loc":{"start":{"line":7,"column":13},"end":{"line":16,"column":1}}}},"branchMap":{"0":{"loc":{"start":{"line":8,"column":2},"end":{"line":15,"column":null}},"type":"switch","locations":[{"start":{"line":9,"column":4},"end":{"line":10,"column":64}},{"start":{"line":11,"column":4},"end":{"line":12,"column":60}},{"start":{"line":13,"column":4},"end":{"line":14,"column":64}}]}},"s":{"0":2,"1":2,"2":2,"3":16,"4":4,"5":4,"6":8,"7":2,"8":2,"9":2},"f":{"0":16},"b":{"0":[4,4,8]}},"/home/runner/work/unstoppable-domains-website/unstoppable-domains-website/shared/src/referral/types.ts":{"path":"/home/runner/work/unstoppable-domains-website/unstoppable-domains-website/shared/src/referral/types.ts","statementMap":{"0":{"start":{"line":9,"column":0},"end":{"line":9,"column":null}},"1":{"start":{"line":10,"column":2},"end":{"line":10,"column":null}},"2":{"start":{"line":11,"column":2},"end":{"line":11,"column":null}},"3":{"start":{"line":15,"column":0},"end":{"line":15,"column":null}},"4":{"start":{"line":16,"column":2},"end":{"line":16,"column":null}},"5":{"start":{"line":17,"column":2},"end":{"line":17,"column":null}},"6":{"start":{"line":18,"column":2},"end":{"line":18,"column":null}},"7":{"start":{"line":19,"column":2},"end":{"line":19,"column":null}},"8":{"start":{"line":20,"column":2},"end":{"line":20,"column":null}},"9":{"start":{"line":21,"column":2},"end":{"line":21,"column":null}},"10":{"start":{"line":22,"column":2},"end":{"line":22,"column":null}},"11":{"start":{"line":23,"column":2},"end":{"line":23,"column":null}},"12":{"start":{"line":24,"column":2},"end":{"line":24,"column":null}},"13":{"start":{"line":25,"column":2},"end":{"line":25,"column":null}},"14":{"start":{"line":26,"column":2},"end":{"line":26,"column":null}},"15":{"start":{"line":27,"column":2},"end":{"line":27,"column":null}},"16":{"start":{"line":28,"column":2},"end":{"line":28,"column":null}},"17":{"start":{"line":29,"column":2},"end":{"line":29,"column":null}},"18":{"start":{"line":30,"column":2},"end":{"line":30,"column":null}},"19":{"start":{"line":31,"column":2},"end":{"line":31,"column":null}},"20":{"start":{"line":32,"column":2},"end":{"line":32,"column":null}},"21":{"start":{"line":33,"column":2},"end":{"line":33,"column":null}},"22":{"start":{"line":36,"column":0},"end":{"line":36,"column":null}},"23":{"start":{"line":37,"column":2},"end":{"line":37,"column":null}},"24":{"start":{"line":38,"column":2},"end":{"line":38,"column":null}},"25":{"start":{"line":39,"column":2},"end":{"line":39,"column":null}},"26":{"start":{"line":40,"column":2},"end":{"line":40,"column":null}}},"fnMap":{"0":{"name":"(anonymous_0)","decl":{"start":{"line":9,"column":0},"end":{"line":9,"column":12}},"loc":{"start":{"line":9,"column":32},"end":{"line":12,"column":1}}},"1":{"name":"(anonymous_1)","decl":{"start":{"line":15,"column":0},"end":{"line":15,"column":12}},"loc":{"start":{"line":15,"column":25},"end":{"line":34,"column":1}}},"2":{"name":"(anonymous_2)","decl":{"start":{"line":36,"column":0},"end":{"line":36,"column":12}},"loc":{"start":{"line":36,"column":32},"end":{"line":41,"column":1}}}},"branchMap":{"0":{"loc":{"start":{"line":9,"column":12},"end":{"line":9,"column":null}},"type":"binary-expr","locations":[{"start":{"line":9,"column":12},"end":{"line":9,"column":32}},{"start":{"line":9,"column":12},"end":{"line":9,"column":null}}]},"1":{"loc":{"start":{"line":15,"column":12},"end":{"line":15,"column":null}},"type":"binary-expr","locations":[{"start":{"line":15,"column":12},"end":{"line":15,"column":25}},{"start":{"line":15,"column":12},"end":{"line":15,"column":null}}]},"2":{"loc":{"start":{"line":36,"column":12},"end":{"line":36,"column":null}},"type":"binary-expr","locations":[{"start":{"line":36,"column":12},"end":{"line":36,"column":32}},{"start":{"line":36,"column":12},"end":{"line":36,"column":null}}]}},"s":{"0":2,"1":2,"2":2,"3":2,"4":2,"5":2,"6":2,"7":2,"8":2,"9":2,"10":2,"11":2,"12":2,"13":2,"14":2,"15":2,"16":2,"17":2,"18":2,"19":2,"20":2,"21":2,"22":2,"23":2,"24":2,"25":2,"26":2},"f":{"0":2,"1":2,"2":2},"b":{"0":[2,2],"1":[2,2],"2":[2,2]}},"/home/runner/work/unstoppable-domains-website/unstoppable-domains-website/shared/src/domainProfile/index.ts":{"path":"/home/runner/work/unstoppable-domains-website/unstoppable-domains-website/shared/src/domainProfile/index.ts","statementMap":{"0":{"start":{"line":2,"column":0},"end":{"line":2,"column":49}},"1":{"start":{"line":3,"column":0},"end":{"line":3,"column":46}},"2":{"start":{"line":5,"column":0},"end":{"line":5,"column":24}},"3":{"start":{"line":6,"column":0},"end":{"line":6,"column":24}},"4":{"start":{"line":8,"column":13},"end":{"line":8,"column":42}},"5":{"start":{"line":9,"column":13},"end":{"line":9,"column":44}},"6":{"start":{"line":11,"column":42},"end":{"line":17,"column":1}},"7":{"start":{"line":14,"column":2},"end":{"line":16,"column":4}},"8":{"start":{"line":11,"column":13},"end":{"line":11,"column":42}},"9":{"start":{"line":19,"column":66},"end":{"line":22,"column":2}},"10":{"start":{"line":24,"column":50},"end":{"line":33,"column":2}},"11":{"start":{"line":27,"column":6},"end":{"line":33,"column":2}},"12":{"start":{"line":24,"column":13},"end":{"line":24,"column":50}},"13":{"start":{"line":35,"column":34},"end":{"line":45,"column":1}},"14":{"start":{"line":37,"column":4},"end":{"line":38,"column":6}},"15":{"start":{"line":40,"column":2},"end":{"line":42,"column":null}},"16":{"start":{"line":41,"column":4},"end":{"line":41,"column":20}},"17":{"start":{"line":44,"column":2},"end":{"line":44,"column":34}},"18":{"start":{"line":35,"column":13},"end":{"line":35,"column":34}},"19":{"start":{"line":47,"column":33},"end":{"line":57,"column":1}},"20":{"start":{"line":49,"column":4},"end":{"line":50,"column":6}},"21":{"start":{"line":52,"column":2},"end":{"line":54,"column":null}},"22":{"start":{"line":53,"column":4},"end":{"line":53,"column":20}},"23":{"start":{"line":56,"column":2},"end":{"line":56,"column":34}},"24":{"start":{"line":47,"column":13},"end":{"line":47,"column":33}},"25":{"start":{"line":59,"column":33},"end":{"line":69,"column":1}},"26":{"start":{"line":61,"column":4},"end":{"line":62,"column":6}},"27":{"start":{"line":64,"column":2},"end":{"line":66,"column":null}},"28":{"start":{"line":65,"column":4},"end":{"line":65,"column":20}},"29":{"start":{"line":68,"column":2},"end":{"line":68,"column":20}},"30":{"start":{"line":59,"column":13},"end":{"line":59,"column":33}},"31":{"start":{"line":71,"column":34},"end":{"line":81,"column":1}},"32":{"start":{"line":73,"column":4},"end":{"line":74,"column":6}},"33":{"start":{"line":76,"column":2},"end":{"line":78,"column":null}},"34":{"start":{"line":77,"column":4},"end":{"line":77,"column":20}},"35":{"start":{"line":80,"column":2},"end":{"line":80,"column":20}},"36":{"start":{"line":71,"column":13},"end":{"line":71,"column":34}},"37":{"start":{"line":83,"column":35},"end":{"line":93,"column":1}},"38":{"start":{"line":85,"column":4},"end":{"line":86,"column":6}},"39":{"start":{"line":88,"column":2},"end":{"line":90,"column":null}},"40":{"start":{"line":89,"column":4},"end":{"line":89,"column":20}},"41":{"start":{"line":92,"column":2},"end":{"line":92,"column":20}},"42":{"start":{"line":83,"column":13},"end":{"line":83,"column":35}},"43":{"start":{"line":95,"column":52},"end":{"line":119,"column":1}},"44":{"start":{"line":99,"column":2},"end":{"line":118,"column":null}},"45":{"start":{"line":101,"column":6},"end":{"line":101,"column":42}},"46":{"start":{"line":104,"column":6},"end":{"line":104,"column":41}},"47":{"start":{"line":107,"column":6},"end":{"line":107,"column":41}},"48":{"start":{"line":110,"column":6},"end":{"line":110,"column":42}},"49":{"start":{"line":113,"column":6},"end":{"line":113,"column":43}},"50":{"start":{"line":116,"column":6},"end":{"line":116,"column":42}},"51":{"start":{"line":95,"column":13},"end":{"line":95,"column":52}}},"fnMap":{"0":{"name":"(anonymous_0)","decl":{"start":{"line":11,"column":42},"end":{"line":11,"column":null}},"loc":{"start":{"line":13,"column":37},"end":{"line":17,"column":1}}},"1":{"name":"(anonymous_1)","decl":{"start":{"line":24,"column":50},"end":{"line":24,"column":null}},"loc":{"start":{"line":27,"column":6},"end":{"line":33,"column":2}}},"2":{"name":"(anonymous_2)","decl":{"start":{"line":35,"column":34},"end":{"line":35,"column":35}},"loc":{"start":{"line":35,"column":63},"end":{"line":45,"column":1}}},"3":{"name":"(anonymous_3)","decl":{"start":{"line":47,"column":33},"end":{"line":47,"column":34}},"loc":{"start":{"line":47,"column":62},"end":{"line":57,"column":1}}},"4":{"name":"(anonymous_4)","decl":{"start":{"line":59,"column":33},"end":{"line":59,"column":34}},"loc":{"start":{"line":59,"column":62},"end":{"line":69,"column":1}}},"5":{"name":"(anonymous_5)","decl":{"start":{"line":71,"column":34},"end":{"line":71,"column":35}},"loc":{"start":{"line":71,"column":63},"end":{"line":81,"column":1}}},"6":{"name":"(anonymous_6)","decl":{"start":{"line":83,"column":35},"end":{"line":83,"column":36}},"loc":{"start":{"line":83,"column":64},"end":{"line":93,"column":1}}},"7":{"name":"(anonymous_7)","decl":{"start":{"line":95,"column":52},"end":{"line":95,"column":null}},"loc":{"start":{"line":98,"column":12},"end":{"line":119,"column":1}}}},"branchMap":{"0":{"loc":{"start":{"line":37,"column":4},"end":{"line":38,"column":6}},"type":"binary-expr","locations":[{"start":{"line":37,"column":4},"end":{"line":37,"column":75}},{"start":{"line":38,"column":4},"end":{"line":38,"column":6}}]},"1":{"loc":{"start":{"line":40,"column":2},"end":{"line":42,"column":null}},"type":"if","locations":[{"start":{"line":40,"column":2},"end":{"line":42,"column":null}}]},"2":{"loc":{"start":{"line":44,"column":9},"end":{"line":44,"column":33}},"type":"binary-expr","locations":[{"start":{"line":44,"column":9},"end":{"line":44,"column":19}},{"start":{"line":44,"column":23},"end":{"line":44,"column":33}}]},"3":{"loc":{"start":{"line":49,"column":4},"end":{"line":50,"column":6}},"type":"binary-expr","locations":[{"start":{"line":49,"column":4},"end":{"line":49,"column":74}},{"start":{"line":50,"column":4},"end":{"line":50,"column":6}}]},"4":{"loc":{"start":{"line":52,"column":2},"end":{"line":54,"column":null}},"type":"if","locations":[{"start":{"line":52,"column":2},"end":{"line":54,"column":null}}]},"5":{"loc":{"start":{"line":56,"column":9},"end":{"line":56,"column":33}},"type":"binary-expr","locations":[{"start":{"line":56,"column":9},"end":{"line":56,"column":19}},{"start":{"line":56,"column":23},"end":{"line":56,"column":33}}]},"6":{"loc":{"start":{"line":61,"column":4},"end":{"line":62,"column":6}},"type":"binary-expr","locations":[{"start":{"line":61,"column":4},"end":{"line":61,"column":75}},{"start":{"line":62,"column":4},"end":{"line":62,"column":6}}]},"7":{"loc":{"start":{"line":64,"column":2},"end":{"line":66,"column":null}},"type":"if","locations":[{"start":{"line":64,"column":2},"end":{"line":66,"column":null}}]},"8":{"loc":{"start":{"line":73,"column":4},"end":{"line":74,"column":6}},"type":"binary-expr","locations":[{"start":{"line":73,"column":4},"end":{"line":73,"column":75}},{"start":{"line":74,"column":4},"end":{"line":74,"column":6}}]},"9":{"loc":{"start":{"line":76,"column":2},"end":{"line":78,"column":null}},"type":"if","locations":[{"start":{"line":76,"column":2},"end":{"line":78,"column":null}}]},"10":{"loc":{"start":{"line":85,"column":4},"end":{"line":86,"column":6}},"type":"binary-expr","locations":[{"start":{"line":85,"column":4},"end":{"line":85,"column":76}},{"start":{"line":86,"column":4},"end":{"line":86,"column":6}}]},"11":{"loc":{"start":{"line":88,"column":2},"end":{"line":90,"column":null}},"type":"if","locations":[{"start":{"line":88,"column":2},"end":{"line":90,"column":null}}]},"12":{"loc":{"start":{"line":99,"column":2},"end":{"line":118,"column":null}},"type":"switch","locations":[{"start":{"line":100,"column":4},"end":{"line":102,"column":null}},{"start":{"line":103,"column":4},"end":{"line":105,"column":null}},{"start":{"line":106,"column":4},"end":{"line":108,"column":null}},{"start":{"line":109,"column":4},"end":{"line":111,"column":null}},{"start":{"line":112,"column":4},"end":{"line":114,"column":null}},{"start":{"line":115,"column":4},"end":{"line":117,"column":null}}]}},"s":{"0":2,"1":2,"2":2,"3":2,"4":2,"5":2,"6":2,"7":0,"8":2,"9":2,"10":2,"11":0,"12":2,"13":2,"14":22,"15":22,"16":0,"17":22,"18":2,"19":2,"20":16,"21":16,"22":0,"23":16,"24":2,"25":2,"26":18,"27":18,"28":2,"29":16,"30":2,"31":2,"32":4,"33":4,"34":0,"35":4,"36":2,"37":2,"38":8,"39":8,"40":2,"41":6,"42":2,"43":2,"44":10,"45":2,"46":2,"47":2,"48":2,"49":2,"50":0,"51":2},"f":{"0":0,"1":0,"2":22,"3":16,"4":18,"5":4,"6":8,"7":10},"b":{"0":[22,0],"1":[0],"2":[22,4],"3":[16,0],"4":[0],"5":[16,2],"6":[18,2],"7":[2],"8":[4,0],"9":[0],"10":[8,2],"11":[2],"12":[2,2,2,2,2,0]}},"/home/runner/work/unstoppable-domains-website/unstoppable-domains-website/shared/src/domainProfile/types.ts":{"path":"/home/runner/work/unstoppable-domains-website/unstoppable-domains-website/shared/src/domainProfile/types.ts","statementMap":{"0":{"start":{"line":1,"column":0},"end":{"line":1,"column":null}},"1":{"start":{"line":2,"column":2},"end":{"line":2,"column":null}},"2":{"start":{"line":3,"column":2},"end":{"line":3,"column":null}},"3":{"start":{"line":4,"column":2},"end":{"line":4,"column":null}},"4":{"start":{"line":7,"column":0},"end":{"line":7,"column":null}},"5":{"start":{"line":8,"column":2},"end":{"line":8,"column":null}},"6":{"start":{"line":9,"column":2},"end":{"line":9,"column":null}},"7":{"start":{"line":10,"column":2},"end":{"line":10,"column":null}},"8":{"start":{"line":11,"column":2},"end":{"line":11,"column":null}},"9":{"start":{"line":12,"column":2},"end":{"line":12,"column":null}},"10":{"start":{"line":63,"column":0},"end":{"line":63,"column":null}},"11":{"start":{"line":64,"column":2},"end":{"line":64,"column":null}},"12":{"start":{"line":65,"column":2},"end":{"line":65,"column":null}},"13":{"start":{"line":66,"column":2},"end":{"line":66,"column":null}},"14":{"start":{"line":67,"column":2},"end":{"line":67,"column":null}},"15":{"start":{"line":68,"column":2},"end":{"line":68,"column":null}},"16":{"start":{"line":69,"column":2},"end":{"line":69,"column":null}},"17":{"start":{"line":70,"column":2},"end":{"line":70,"column":null}}},"fnMap":{"0":{"name":"(anonymous_0)","decl":{"start":{"line":1,"column":0},"end":{"line":1,"column":12}},"loc":{"start":{"line":1,"column":39},"end":{"line":5,"column":1}}},"1":{"name":"(anonymous_1)","decl":{"start":{"line":7,"column":0},"end":{"line":7,"column":12}},"loc":{"start":{"line":7,"column":36},"end":{"line":13,"column":1}}},"2":{"name":"(anonymous_2)","decl":{"start":{"line":63,"column":0},"end":{"line":63,"column":12}},"loc":{"start":{"line":63,"column":40},"end":{"line":71,"column":1}}}},"branchMap":{"0":{"loc":{"start":{"line":1,"column":12},"end":{"line":1,"column":null}},"type":"binary-expr","locations":[{"start":{"line":1,"column":12},"end":{"line":1,"column":39}},{"start":{"line":1,"column":12},"end":{"line":1,"column":null}}]},"1":{"loc":{"start":{"line":7,"column":12},"end":{"line":7,"column":null}},"type":"binary-expr","locations":[{"start":{"line":7,"column":12},"end":{"line":7,"column":36}},{"start":{"line":7,"column":12},"end":{"line":7,"column":null}}]},"2":{"loc":{"start":{"line":63,"column":12},"end":{"line":63,"column":null}},"type":"binary-expr","locations":[{"start":{"line":63,"column":12},"end":{"line":63,"column":40}},{"start":{"line":63,"column":12},"end":{"line":63,"column":null}}]}},"s":{"0":2,"1":2,"2":2,"3":2,"4":2,"5":2,"6":2,"7":2,"8":2,"9":2,"10":2,"11":2,"12":2,"13":2,"14":2,"15":2,"16":2,"17":2},"f":{"0":2,"1":2,"2":2},"b":{"0":[2,2],"1":[2,2],"2":[2,2]}},"/home/runner/work/unstoppable-domains-website/unstoppable-domains-website/shared/src/domainProfile/utils.ts":{"path":"/home/runner/work/unstoppable-domains-website/unstoppable-domains-website/shared/src/domainProfile/utils.ts","statementMap":{"0":{"start":{"line":1,"column":0},"end":{"line":1,"column":49}},"1":{"start":{"line":3,"column":13},"end":{"line":20,"column":2}},"2":{"start":{"line":22,"column":13},"end":{"line":28,"column":2}}},"fnMap":{},"branchMap":{},"s":{"0":2,"1":2,"2":2},"f":{},"b":{}},"/home/runner/work/unstoppable-domains-website/unstoppable-domains-website/shared/src/session/index.ts":{"path":"/home/runner/work/unstoppable-domains-website/unstoppable-domains-website/shared/src/session/index.ts","statementMap":{"0":{"start":{"line":1,"column":0},"end":{"line":1,"column":24}},"1":{"start":{"line":2,"column":0},"end":{"line":2,"column":51}},"2":{"start":{"line":3,"column":0},"end":{"line":3,"column":42}},"3":{"start":{"line":5,"column":49},"end":{"line":5,"column":65}},"4":{"start":{"line":7,"column":64},"end":{"line":18,"column":1}},"5":{"start":{"line":10,"column":16},"end":{"line":10,"column":71}},"6":{"start":{"line":12,"column":2},"end":{"line":14,"column":null}},"7":{"start":{"line":13,"column":4},"end":{"line":13,"column":16}},"8":{"start":{"line":16,"column":17},"end":{"line":16,"column":25}},"9":{"start":{"line":17,"column":2},"end":{"line":17,"column":58}},"10":{"start":{"line":7,"column":13},"end":{"line":7,"column":64}},"11":{"start":{"line":20,"column":35},"end":{"line":24,"column":1}},"12":{"start":{"line":23,"column":2},"end":{"line":23,"column":78}},"13":{"start":{"line":20,"column":13},"end":{"line":20,"column":35}}},"fnMap":{"0":{"name":"(anonymous_0)","decl":{"start":{"line":7,"column":64},"end":{"line":7,"column":null}},"loc":{"start":{"line":9,"column":19},"end":{"line":18,"column":1}}},"1":{"name":"(anonymous_1)","decl":{"start":{"line":20,"column":35},"end":{"line":20,"column":null}},"loc":{"start":{"line":22,"column":31},"end":{"line":24,"column":1}}}},"branchMap":{"0":{"loc":{"start":{"line":12,"column":2},"end":{"line":14,"column":null}},"type":"if","locations":[{"start":{"line":12,"column":2},"end":{"line":14,"column":null}}]},"1":{"loc":{"start":{"line":17,"column":9},"end":{"line":17,"column":57}},"type":"cond-expr","locations":[{"start":{"line":17,"column":44},"end":{"line":17,"column":50}},{"start":{"line":17,"column":53},"end":{"line":17,"column":57}}]}},"s":{"0":2,"1":2,"2":2,"3":2,"4":2,"5":6,"6":6,"7":2,"8":4,"9":4,"10":2,"11":2,"12":0,"13":2},"f":{"0":6,"1":0},"b":{"0":[2],"1":[2,2]}},"/home/runner/work/unstoppable-domains-website/unstoppable-domains-website/shared/src/session/types.ts":{"path":"/home/runner/work/unstoppable-domains-website/unstoppable-domains-website/shared/src/session/types.ts","statementMap":{"0":{"start":{"line":6,"column":0},"end":{"line":6,"column":null}},"1":{"start":{"line":7,"column":2},"end":{"line":7,"column":null}},"2":{"start":{"line":8,"column":2},"end":{"line":8,"column":null}}},"fnMap":{"0":{"name":"(anonymous_0)","decl":{"start":{"line":6,"column":0},"end":{"line":6,"column":12}},"loc":{"start":{"line":6,"column":29},"end":{"line":9,"column":1}}}},"branchMap":{"0":{"loc":{"start":{"line":6,"column":12},"end":{"line":6,"column":null}},"type":"binary-expr","locations":[{"start":{"line":6,"column":12},"end":{"line":6,"column":29}},{"start":{"line":6,"column":12},"end":{"line":6,"column":null}}]}},"s":{"0":2,"1":2,"2":2},"f":{"0":2},"b":{"0":[2,2]}},"/home/runner/work/unstoppable-domains-website/unstoppable-domains-website/shared/src/zipCode/index.ts":{"path":"/home/runner/work/unstoppable-domains-website/unstoppable-domains-website/shared/src/zipCode/index.ts","statementMap":{"0":{"start":{"line":1,"column":13},"end":{"line":1,"column":37}},"1":{"start":{"line":2,"column":13},"end":{"line":2,"column":37}},"2":{"start":{"line":4,"column":31},"end":{"line":134,"column":1}},"3":{"start":{"line":9,"column":2},"end":{"line":13,"column":null}},"4":{"start":{"line":10,"column":4},"end":{"line":12,"column":6}},"5":{"start":{"line":16,"column":24},"end":{"line":16,"column":76}},"6":{"start":{"line":18,"column":2},"end":{"line":20,"column":null}},"7":{"start":{"line":19,"column":4},"end":{"line":19,"column":44}},"8":{"start":{"line":23,"column":17},"end":{"line":124,"column":4}},"9":{"start":{"line":126,"column":16},"end":{"line":128,"column":4}},"10":{"start":{"line":127,"column":4},"end":{"line":127,"column":60}},"11":{"start":{"line":130,"column":2},"end":{"line":132,"column":null}},"12":{"start":{"line":131,"column":4},"end":{"line":131,"column":32}},"13":{"start":{"line":133,"column":2},"end":{"line":133,"column":52}},"14":{"start":{"line":4,"column":13},"end":{"line":4,"column":31}}},"fnMap":{"0":{"name":"(anonymous_0)","decl":{"start":{"line":4,"column":31},"end":{"line":4,"column":null}},"loc":{"start":{"line":6,"column":34},"end":{"line":134,"column":1}}},"1":{"name":"(anonymous_1)","decl":{"start":{"line":126,"column":30},"end":{"line":126,"column":40}},"loc":{"start":{"line":126,"column":41},"end":{"line":128,"column":3}}}},"branchMap":{"0":{"loc":{"start":{"line":9,"column":2},"end":{"line":13,"column":null}},"type":"if","locations":[{"start":{"line":9,"column":2},"end":{"line":13,"column":null}}]},"1":{"loc":{"start":{"line":18,"column":2},"end":{"line":20,"column":null}},"type":"if","locations":[{"start":{"line":18,"column":2},"end":{"line":20,"column":null}}]},"2":{"loc":{"start":{"line":127,"column":11},"end":{"line":127,"column":59}},"type":"binary-expr","locations":[{"start":{"line":127,"column":11},"end":{"line":127,"column":33}},{"start":{"line":127,"column":37},"end":{"line":127,"column":59}}]},"3":{"loc":{"start":{"line":130,"column":2},"end":{"line":132,"column":null}},"type":"if","locations":[{"start":{"line":130,"column":2},"end":{"line":132,"column":null}}]}},"s":{"0":2,"1":2,"2":2,"3":112,"4":2,"5":110,"6":110,"7":2,"8":108,"9":108,"10":10260,"11":108,"12":2,"13":106,"14":2},"f":{"0":112,"1":10260},"b":{"0":[2],"1":[2],"2":[10260,5154],"3":[2]}},"/home/runner/work/unstoppable-domains-website/unstoppable-domains-website/shared/src/nfts/index.ts":{"path":"/home/runner/work/unstoppable-domains-website/unstoppable-domains-website/shared/src/nfts/index.ts","statementMap":{"0":{"start":{"line":1,"column":0},"end":{"line":1,"column":36}},"1":{"start":{"line":3,"column":0},"end":{"line":3,"column":24}},"2":{"start":{"line":5,"column":13},"end":{"line":5,"column":32}},"3":{"start":{"line":6,"column":13},"end":{"line":6,"column":32}},"4":{"start":{"line":7,"column":13},"end":{"line":7,"column":27}},"5":{"start":{"line":8,"column":13},"end":{"line":8,"column":28}},"6":{"start":{"line":9,"column":13},"end":{"line":14,"column":2}},"7":{"start":{"line":16,"column":29},"end":{"line":41,"column":1}},"8":{"start":{"line":17,"column":2},"end":{"line":19,"column":null}},"9":{"start":{"line":18,"column":4},"end":{"line":18,"column":14}},"10":{"start":{"line":21,"column":21},"end":{"line":21,"column":57}},"11":{"start":{"line":22,"column":21},"end":{"line":22,"column":48}},"12":{"start":{"line":23,"column":31},"end":{"line":23,"column":63}},"13":{"start":{"line":25,"column":2},"end":{"line":27,"column":null}},"14":{"start":{"line":26,"column":4},"end":{"line":26,"column":41}},"15":{"start":{"line":29,"column":2},"end":{"line":31,"column":null}},"16":{"start":{"line":30,"column":4},"end":{"line":30,"column":67}},"17":{"start":{"line":33,"column":2},"end":{"line":38,"column":null}},"18":{"start":{"line":37,"column":4},"end":{"line":37,"column":29}},"19":{"start":{"line":40,"column":2},"end":{"line":40,"column":18}},"20":{"start":{"line":16,"column":13},"end":{"line":16,"column":29}},"21":{"start":{"line":43,"column":30},"end":{"line":56,"column":1}},"22":{"start":{"line":47,"column":2},"end":{"line":55,"column":null}},"23":{"start":{"line":52,"column":4},"end":{"line":52,"column":27}},"24":{"start":{"line":54,"column":4},"end":{"line":54,"column":29}},"25":{"start":{"line":43,"column":13},"end":{"line":43,"column":30}}},"fnMap":{"0":{"name":"(anonymous_0)","decl":{"start":{"line":16,"column":29},"end":{"line":16,"column":30}},"loc":{"start":{"line":16,"column":59},"end":{"line":41,"column":1}}},"1":{"name":"(anonymous_1)","decl":{"start":{"line":43,"column":30},"end":{"line":43,"column":null}},"loc":{"start":{"line":46,"column":17},"end":{"line":56,"column":1}}}},"branchMap":{"0":{"loc":{"start":{"line":17,"column":2},"end":{"line":19,"column":null}},"type":"if","locations":[{"start":{"line":17,"column":2},"end":{"line":19,"column":null}}]},"1":{"loc":{"start":{"line":23,"column":31},"end":{"line":23,"column":63}},"type":"cond-expr","locations":[{"start":{"line":23,"column":57},"end":{"line":23,"column":61}},{"start":{"line":23,"column":61},"end":{"line":23,"column":63}}]},"2":{"loc":{"start":{"line":23,"column":31},"end":{"line":23,"column":61}},"type":"binary-expr","locations":[{"start":{"line":23,"column":31},"end":{"line":23,"column":61}},{"start":{"line":23,"column":57},"end":{"line":23,"column":61}}]},"3":{"loc":{"start":{"line":25,"column":2},"end":{"line":27,"column":null}},"type":"if","locations":[{"start":{"line":25,"column":2},"end":{"line":27,"column":null}}]},"4":{"loc":{"start":{"line":29,"column":2},"end":{"line":31,"column":null}},"type":"if","locations":[{"start":{"line":29,"column":2},"end":{"line":31,"column":null}}]},"5":{"loc":{"start":{"line":33,"column":2},"end":{"line":38,"column":null}},"type":"if","locations":[{"start":{"line":33,"column":2},"end":{"line":38,"column":null}}]},"6":{"loc":{"start":{"line":34,"column":4},"end":{"line":35,"column":30}},"type":"binary-expr","locations":[{"start":{"line":34,"column":4},"end":{"line":34,"column":59}},{"start":{"line":35,"column":4},"end":{"line":35,"column":30}}]},"7":{"loc":{"start":{"line":47,"column":2},"end":{"line":55,"column":null}},"type":"if","locations":[{"start":{"line":47,"column":2},"end":{"line":55,"column":null}},{"start":{"line":53,"column":9},"end":{"line":55,"column":null}}]},"8":{"loc":{"start":{"line":48,"column":4},"end":{"line":50,"column":60}},"type":"binary-expr","locations":[{"start":{"line":48,"column":4},"end":{"line":48,"column":17}},{"start":{"line":49,"column":4},"end":{"line":49,"column":20}},{"start":{"line":50,"column":4},"end":{"line":50,"column":60}}]}},"s":{"0":2,"1":2,"2":2,"3":2,"4":2,"5":2,"6":2,"7":2,"8":2,"9":0,"10":2,"11":2,"12":2,"13":2,"14":0,"15":2,"16":2,"17":0,"18":0,"19":0,"20":2,"21":2,"22":0,"23":0,"24":0,"25":2},"f":{"0":2,"1":0},"b":{"0":[0],"1":[0,2],"2":[2,0],"3":[0],"4":[2],"5":[0],"6":[0,0],"7":[0,0],"8":[0,0,0]}},"/home/runner/work/unstoppable-domains-website/unstoppable-domains-website/shared/src/nfts/types.ts":{"path":"/home/runner/work/unstoppable-domains-website/unstoppable-domains-website/shared/src/nfts/types.ts","statementMap":{"0":{"start":{"line":3,"column":0},"end":{"line":3,"column":null}},"1":{"start":{"line":4,"column":2},"end":{"line":4,"column":null}},"2":{"start":{"line":5,"column":2},"end":{"line":5,"column":null}},"3":{"start":{"line":6,"column":2},"end":{"line":6,"column":null}},"4":{"start":{"line":7,"column":2},"end":{"line":7,"column":null}},"5":{"start":{"line":10,"column":0},"end":{"line":10,"column":null}},"6":{"start":{"line":11,"column":2},"end":{"line":11,"column":null}},"7":{"start":{"line":12,"column":2},"end":{"line":12,"column":null}}},"fnMap":{"0":{"name":"(anonymous_0)","decl":{"start":{"line":3,"column":0},"end":{"line":3,"column":12}},"loc":{"start":{"line":3,"column":28},"end":{"line":8,"column":1}}},"1":{"name":"(anonymous_1)","decl":{"start":{"line":10,"column":0},"end":{"line":10,"column":12}},"loc":{"start":{"line":10,"column":23},"end":{"line":13,"column":1}}}},"branchMap":{"0":{"loc":{"start":{"line":3,"column":12},"end":{"line":3,"column":null}},"type":"binary-expr","locations":[{"start":{"line":3,"column":12},"end":{"line":3,"column":28}},{"start":{"line":3,"column":12},"end":{"line":3,"column":null}}]},"1":{"loc":{"start":{"line":10,"column":12},"end":{"line":10,"column":null}},"type":"binary-expr","locations":[{"start":{"line":10,"column":12},"end":{"line":10,"column":23}},{"start":{"line":10,"column":12},"end":{"line":10,"column":null}}]}},"s":{"0":2,"1":2,"2":2,"3":2,"4":2,"5":2,"6":2,"7":2},"f":{"0":2,"1":2},"b":{"0":[2,2],"1":[2,2]}},"/home/runner/work/unstoppable-domains-website/unstoppable-domains-website/shared/src/misc/option.ts":{"path":"/home/runner/work/unstoppable-domains-website/unstoppable-domains-website/shared/src/misc/option.ts","statementMap":{"0":{"start":{"line":9,"column":4},"end":{"line":9,"column":19}},"1":{"start":{"line":6,"column":2},"end":{"line":6,"column":23}},"2":{"start":{"line":10,"column":4},"end":{"line":17,"column":null}},"3":{"start":{"line":11,"column":20},"end":{"line":11,"column":42}},"4":{"start":{"line":12,"column":6},"end":{"line":15,"column":null}},"5":{"start":{"line":14,"column":8},"end":{"line":14,"column":27}},"6":{"start":{"line":16,"column":6},"end":{"line":16,"column":36}},"7":{"start":{"line":5,"column":0},"end":{"line":5,"column":13}},"8":{"start":{"line":21,"column":22},"end":{"line":32,"column":1}},"9":{"start":{"line":22,"column":2},"end":{"line":24,"column":null}},"10":{"start":{"line":23,"column":4},"end":{"line":23,"column":15}},"11":{"start":{"line":26,"column":2},"end":{"line":30,"column":null}},"12":{"start":{"line":27,"column":4},"end":{"line":27,"column":26}},"13":{"start":{"line":29,"column":4},"end":{"line":29,"column":54}},"14":{"start":{"line":31,"column":2},"end":{"line":31,"column":33}},"15":{"start":{"line":21,"column":13},"end":{"line":21,"column":22}}},"fnMap":{"0":{"name":"(anonymous_0)","decl":{"start":{"line":8,"column":2},"end":{"line":8,"column":14}},"loc":{"start":{"line":8,"column":29},"end":{"line":18,"column":3}}},"1":{"name":"(anonymous_1)","decl":{"start":{"line":21,"column":22},"end":{"line":21,"column":26}},"loc":{"start":{"line":21,"column":72},"end":{"line":32,"column":1}}}},"branchMap":{"0":{"loc":{"start":{"line":10,"column":4},"end":{"line":17,"column":null}},"type":"if","locations":[{"start":{"line":10,"column":4},"end":{"line":17,"column":null}}]},"1":{"loc":{"start":{"line":12,"column":6},"end":{"line":15,"column":null}},"type":"if","locations":[{"start":{"line":12,"column":6},"end":{"line":15,"column":null}}]},"2":{"loc":{"start":{"line":22,"column":2},"end":{"line":24,"column":null}},"type":"if","locations":[{"start":{"line":22,"column":2},"end":{"line":24,"column":null}}]},"3":{"loc":{"start":{"line":22,"column":6},"end":{"line":22,"column":39}},"type":"binary-expr","locations":[{"start":{"line":22,"column":6},"end":{"line":22,"column":23}},{"start":{"line":22,"column":27},"end":{"line":22,"column":39}}]},"4":{"loc":{"start":{"line":26,"column":2},"end":{"line":30,"column":null}},"type":"if","locations":[{"start":{"line":26,"column":2},"end":{"line":30,"column":null}},{"start":{"line":28,"column":9},"end":{"line":30,"column":null}}]}},"s":{"0":10,"1":10,"2":10,"3":10,"4":10,"5":10,"6":10,"7":2,"8":2,"9":12,"10":6,"11":6,"12":0,"13":6,"14":6,"15":2},"f":{"0":10,"1":12},"b":{"0":[10],"1":[10],"2":[6],"3":[12,10],"4":[0,6]}},"/home/runner/work/unstoppable-domains-website/unstoppable-domains-website/shared/src/upload/index.ts":{"path":"/home/runner/work/unstoppable-domains-website/unstoppable-domains-website/shared/src/upload/index.ts","statementMap":{"0":{"start":{"line":1,"column":13},"end":{"line":1,"column":52}},"1":{"start":{"line":3,"column":22},"end":{"line":5,"column":1}},"2":{"start":{"line":4,"column":2},"end":{"line":4,"column":26}},"3":{"start":{"line":3,"column":13},"end":{"line":3,"column":22}}},"fnMap":{"0":{"name":"(anonymous_0)","decl":{"start":{"line":3,"column":22},"end":{"line":3,"column":23}},"loc":{"start":{"line":3,"column":45},"end":{"line":5,"column":1}}}},"branchMap":{},"s":{"0":2,"1":2,"2":4,"3":2},"f":{"0":4},"b":{}},"/home/runner/work/unstoppable-domains-website/unstoppable-domains-website/shared/src/reseller/index.ts":{"path":"/home/runner/work/unstoppable-domains-website/unstoppable-domains-website/shared/src/reseller/index.ts","statementMap":{"0":{"start":{"line":1,"column":0},"end":{"line":1,"column":24}},"1":{"start":{"line":7,"column":16},"end":{"line":7,"column":66}},"2":{"start":{"line":9,"column":2},"end":{"line":15,"column":4}},"3":{"start":{"line":4,"column":0},"end":{"line":4,"column":16}}},"fnMap":{"0":{"name":"isTypeofResellerPaidDomainsFlow","decl":{"start":{"line":4,"column":16},"end":{"line":4,"column":47}},"loc":{"start":{"line":5,"column":34},"end":{"line":16,"column":1}}}},"branchMap":{"0":{"loc":{"start":{"line":10,"column":4},"end":{"line":14,"column":46}},"type":"binary-expr","locations":[{"start":{"line":10,"column":4},"end":{"line":10,"column":39}},{"start":{"line":11,"column":4},"end":{"line":11,"column":40}},{"start":{"line":12,"column":4},"end":{"line":12,"column":37}},{"start":{"line":13,"column":4},"end":{"line":13,"column":37}},{"start":{"line":14,"column":4},"end":{"line":14,"column":46}}]}},"s":{"0":2,"1":6,"2":6,"3":2},"f":{"0":6},"b":{"0":[6,6,6,4,4]}},"/home/runner/work/unstoppable-domains-website/unstoppable-domains-website/shared/src/price/index.ts":{"path":"/home/runner/work/unstoppable-domains-website/unstoppable-domains-website/shared/src/price/index.ts","statementMap":{"0":{"start":{"line":6,"column":35},"end":{"line":8,"column":1}},"1":{"start":{"line":7,"column":2},"end":{"line":7,"column":20}},"2":{"start":{"line":6,"column":13},"end":{"line":6,"column":35}}},"fnMap":{"0":{"name":"(anonymous_0)","decl":{"start":{"line":6,"column":35},"end":{"line":6,"column":36}},"loc":{"start":{"line":6,"column":60},"end":{"line":8,"column":1}}}},"branchMap":{},"s":{"0":2,"1":6,"2":2},"f":{"0":6},"b":{}},"/home/runner/work/unstoppable-domains-website/unstoppable-domains-website/shared/src/search/index.ts":{"path":"/home/runner/work/unstoppable-domains-website/unstoppable-domains-website/shared/src/search/index.ts","statementMap":{"0":{"start":{"line":1,"column":0},"end":{"line":1,"column":null}},"1":{"start":{"line":8,"column":0},"end":{"line":8,"column":44}},"2":{"start":{"line":10,"column":0},"end":{"line":10,"column":24}},"3":{"start":{"line":12,"column":29},"end":{"line":33,"column":1}},"4":{"start":{"line":15,"column":27},"end":{"line":15,"column":54}},"5":{"start":{"line":16,"column":29},"end":{"line":16,"column":58}},"6":{"start":{"line":17,"column":2},"end":{"line":19,"column":null}},"7":{"start":{"line":18,"column":4},"end":{"line":18,"column":67}},"8":{"start":{"line":20,"column":2},"end":{"line":22,"column":null}},"9":{"start":{"line":21,"column":4},"end":{"line":21,"column":48}},"10":{"start":{"line":24,"column":2},"end":{"line":32,"column":null}},"11":{"start":{"line":29,"column":4},"end":{"line":29,"column":70}},"12":{"start":{"line":31,"column":4},"end":{"line":31,"column":37}},"13":{"start":{"line":12,"column":13},"end":{"line":12,"column":29}},"14":{"start":{"line":35,"column":34},"end":{"line":52,"column":1}},"15":{"start":{"line":38,"column":14},"end":{"line":38,"column":46}},"16":{"start":{"line":39,"column":2},"end":{"line":41,"column":16}},"17":{"start":{"line":40,"column":4},"end":{"line":40,"column":35}},"18":{"start":{"line":43,"column":2},"end":{"line":45,"column":null}},"19":{"start":{"line":44,"column":4},"end":{"line":44,"column":67}},"20":{"start":{"line":47,"column":2},"end":{"line":49,"column":null}},"21":{"start":{"line":48,"column":4},"end":{"line":48,"column":66}},"22":{"start":{"line":51,"column":2},"end":{"line":51,"column":23}},"23":{"start":{"line":35,"column":13},"end":{"line":35,"column":34}},"24":{"start":{"line":54,"column":25},"end":{"line":54,"column":71}},"25":{"start":{"line":54,"column":54},"end":{"line":54,"column":71}},"26":{"start":{"line":54,"column":13},"end":{"line":54,"column":25}},"27":{"start":{"line":56,"column":36},"end":{"line":57,"column":34}},"28":{"start":{"line":57,"column":2},"end":{"line":57,"column":34}},"29":{"start":{"line":56,"column":13},"end":{"line":56,"column":36}}},"fnMap":{"0":{"name":"(anonymous_0)","decl":{"start":{"line":12,"column":29},"end":{"line":12,"column":null}},"loc":{"start":{"line":14,"column":52},"end":{"line":33,"column":1}}},"1":{"name":"(anonymous_1)","decl":{"start":{"line":35,"column":34},"end":{"line":35,"column":null}},"loc":{"start":{"line":37,"column":52},"end":{"line":52,"column":1}}},"2":{"name":"(anonymous_2)","decl":{"start":{"line":54,"column":25},"end":{"line":54,"column":26}},"loc":{"start":{"line":54,"column":54},"end":{"line":54,"column":71}}},"3":{"name":"(anonymous_3)","decl":{"start":{"line":56,"column":36},"end":{"line":56,"column":37}},"loc":{"start":{"line":57,"column":2},"end":{"line":57,"column":34}}}},"branchMap":{"0":{"loc":{"start":{"line":17,"column":2},"end":{"line":19,"column":null}},"type":"if","locations":[{"start":{"line":17,"column":2},"end":{"line":19,"column":null}}]},"1":{"loc":{"start":{"line":20,"column":2},"end":{"line":22,"column":null}},"type":"if","locations":[{"start":{"line":20,"column":2},"end":{"line":22,"column":null}}]},"2":{"loc":{"start":{"line":24,"column":2},"end":{"line":32,"column":null}},"type":"if","locations":[{"start":{"line":24,"column":2},"end":{"line":32,"column":null}},{"start":{"line":30,"column":9},"end":{"line":32,"column":null}}]},"3":{"loc":{"start":{"line":25,"column":4},"end":{"line":27,"column":56}},"type":"binary-expr","locations":[{"start":{"line":25,"column":4},"end":{"line":25,"column":9}},{"start":{"line":26,"column":4},"end":{"line":26,"column":13}},{"start":{"line":27,"column":4},"end":{"line":27,"column":56}}]},"4":{"loc":{"start":{"line":43,"column":2},"end":{"line":45,"column":null}},"type":"if","locations":[{"start":{"line":43,"column":2},"end":{"line":45,"column":null}}]},"5":{"loc":{"start":{"line":47,"column":2},"end":{"line":49,"column":null}},"type":"if","locations":[{"start":{"line":47,"column":2},"end":{"line":49,"column":null}}]},"6":{"loc":{"start":{"line":47,"column":6},"end":{"line":47,"column":41}},"type":"binary-expr","locations":[{"start":{"line":47,"column":6},"end":{"line":47,"column":11}},{"start":{"line":47,"column":15},"end":{"line":47,"column":41}}]}},"s":{"0":2,"1":2,"2":2,"3":2,"4":26,"5":26,"6":26,"7":0,"8":26,"9":6,"10":20,"11":2,"12":18,"13":2,"14":2,"15":24,"16":24,"17":24,"18":24,"19":2,"20":22,"21":12,"22":10,"23":2,"24":2,"25":0,"26":2,"27":2,"28":2,"29":2},"f":{"0":26,"1":24,"2":0,"3":2},"b":{"0":[0],"1":[6],"2":[2,18],"3":[20,20,20],"4":[2],"5":[12],"6":[22,20]}},"/home/runner/work/unstoppable-domains-website/unstoppable-domains-website/shared/src/search/types.ts":{"path":"/home/runner/work/unstoppable-domains-website/unstoppable-domains-website/shared/src/search/types.ts","statementMap":{"0":{"start":{"line":31,"column":0},"end":{"line":31,"column":null}},"1":{"start":{"line":32,"column":2},"end":{"line":32,"column":null}},"2":{"start":{"line":33,"column":2},"end":{"line":33,"column":null}},"3":{"start":{"line":34,"column":2},"end":{"line":34,"column":null}}},"fnMap":{"0":{"name":"(anonymous_0)","decl":{"start":{"line":31,"column":0},"end":{"line":31,"column":12}},"loc":{"start":{"line":31,"column":31},"end":{"line":35,"column":1}}}},"branchMap":{"0":{"loc":{"start":{"line":31,"column":12},"end":{"line":31,"column":null}},"type":"binary-expr","locations":[{"start":{"line":31,"column":12},"end":{"line":31,"column":31}},{"start":{"line":31,"column":12},"end":{"line":31,"column":null}}]}},"s":{"0":2,"1":2,"2":2,"3":2},"f":{"0":2},"b":{"0":[2,2]}},"/home/runner/work/unstoppable-domains-website/unstoppable-domains-website/shared/src/resolution/index.ts":{"path":"/home/runner/work/unstoppable-domains-website/unstoppable-domains-website/shared/src/resolution/index.ts","statementMap":{"0":{"start":{"line":2,"column":0},"end":{"line":2,"column":63}},"1":{"start":{"line":8,"column":0},"end":{"line":8,"column":35}},"2":{"start":{"line":9,"column":0},"end":{"line":9,"column":37}},"3":{"start":{"line":10,"column":0},"end":{"line":10,"column":35}},"4":{"start":{"line":11,"column":0},"end":{"line":11,"column":24}},"5":{"start":{"line":17,"column":33},"end":{"line":29,"column":1}},"6":{"start":{"line":21,"column":2},"end":{"line":23,"column":null}},"7":{"start":{"line":22,"column":4},"end":{"line":22,"column":17}},"8":{"start":{"line":24,"column":2},"end":{"line":26,"column":null}},"9":{"start":{"line":25,"column":4},"end":{"line":25,"column":16}},"10":{"start":{"line":27,"column":21},"end":{"line":27,"column":59}},"11":{"start":{"line":28,"column":2},"end":{"line":28,"column":41}},"12":{"start":{"line":17,"column":13},"end":{"line":17,"column":33}},"13":{"start":{"line":31,"column":21},"end":{"line":31,"column":39}},"14":{"start":{"line":32,"column":22},"end":{"line":32,"column":70}},"15":{"start":{"line":33,"column":34},"end":{"line":34,"column":null}},"16":{"start":{"line":40,"column":2},"end":{"line":42,"column":null}},"17":{"start":{"line":41,"column":4},"end":{"line":41,"column":14}},"18":{"start":{"line":43,"column":2},"end":{"line":54,"column":4}},"19":{"start":{"line":46,"column":6},"end":{"line":50,"column":null}},"20":{"start":{"line":47,"column":55},"end":{"line":47,"column":69}},"21":{"start":{"line":48,"column":8},"end":{"line":48,"column":59}},"22":{"start":{"line":49,"column":8},"end":{"line":49,"column":37}},"23":{"start":{"line":51,"column":6},"end":{"line":51,"column":15}},"24":{"start":{"line":58,"column":20},"end":{"line":60,"column":null}},"25":{"start":{"line":59,"column":30},"end":{"line":59,"column":66}},"26":{"start":{"line":60,"column":15},"end":{"line":60,"column":30}},"27":{"start":{"line":63,"column":2},"end":{"line":66,"column":4}},"28":{"start":{"line":57,"column":0},"end":{"line":57,"column":16}}},"fnMap":{"0":{"name":"(anonymous_0)","decl":{"start":{"line":17,"column":33},"end":{"line":17,"column":null}},"loc":{"start":{"line":20,"column":13},"end":{"line":29,"column":1}}},"1":{"name":"mapMultiCoinAddresses","decl":{"start":{"line":37,"column":9},"end":{"line":37,"column":30}},"loc":{"start":{"line":38,"column":40},"end":{"line":55,"column":1}}},"2":{"name":"(anonymous_2)","decl":{"start":{"line":45,"column":4},"end":{"line":45,"column":5}},"loc":{"start":{"line":45,"column":24},"end":{"line":52,"column":5}}},"3":{"name":"parseRecords","decl":{"start":{"line":57,"column":16},"end":{"line":57,"column":28}},"loc":{"start":{"line":57,"column":60},"end":{"line":67,"column":1}}},"4":{"name":"(anonymous_4)","decl":{"start":{"line":59,"column":20},"end":{"line":59,"column":21}},"loc":{"start":{"line":59,"column":30},"end":{"line":59,"column":66}}},"5":{"name":"(anonymous_5)","decl":{"start":{"line":60,"column":4},"end":{"line":60,"column":5}},"loc":{"start":{"line":60,"column":15},"end":{"line":60,"column":30}}}},"branchMap":{"0":{"loc":{"start":{"line":21,"column":2},"end":{"line":23,"column":null}},"type":"if","locations":[{"start":{"line":21,"column":2},"end":{"line":23,"column":null}}]},"1":{"loc":{"start":{"line":24,"column":2},"end":{"line":26,"column":null}},"type":"if","locations":[{"start":{"line":24,"column":2},"end":{"line":26,"column":null}}]},"2":{"loc":{"start":{"line":24,"column":6},"end":{"line":24,"column":48}},"type":"binary-expr","locations":[{"start":{"line":24,"column":6},"end":{"line":24,"column":26}},{"start":{"line":24,"column":30},"end":{"line":24,"column":48}}]},"3":{"loc":{"start":{"line":27,"column":21},"end":{"line":27,"column":59}},"type":"cond-expr","locations":[{"start":{"line":27,"column":44},"end":{"line":27,"column":49}},{"start":{"line":27,"column":52},"end":{"line":27,"column":59}}]},"4":{"loc":{"start":{"line":40,"column":2},"end":{"line":42,"column":null}},"type":"if","locations":[{"start":{"line":40,"column":2},"end":{"line":42,"column":null}}]},"5":{"loc":{"start":{"line":46,"column":6},"end":{"line":50,"column":null}},"type":"if","locations":[{"start":{"line":46,"column":6},"end":{"line":50,"column":null}}]},"6":{"loc":{"start":{"line":46,"column":10},"end":{"line":46,"column":66}},"type":"binary-expr","locations":[{"start":{"line":46,"column":10},"end":{"line":46,"column":46}},{"start":{"line":46,"column":50},"end":{"line":46,"column":66}}]},"7":{"loc":{"start":{"line":48,"column":20},"end":{"line":48,"column":58}},"type":"cond-expr","locations":[{"start":{"line":48,"column":29},"end":{"line":48,"column":34}},{"start":{"line":48,"column":34},"end":{"line":48,"column":58}}]},"8":{"loc":{"start":{"line":48,"column":20},"end":{"line":48,"column":34}},"type":"binary-expr","locations":[{"start":{"line":48,"column":20},"end":{"line":48,"column":34}},{"start":{"line":48,"column":29},"end":{"line":48,"column":34}}]},"9":{"loc":{"start":{"line":59,"column":30},"end":{"line":59,"column":66}},"type":"binary-expr","locations":[{"start":{"line":59,"column":30},"end":{"line":59,"column":40}},{"start":{"line":59,"column":44},"end":{"line":59,"column":66}}]}},"s":{"0":2,"1":2,"2":2,"3":2,"4":2,"5":2,"6":0,"7":0,"8":0,"9":0,"10":0,"11":0,"12":2,"13":2,"14":2,"15":2,"16":4,"17":0,"18":4,"19":10,"20":2,"21":2,"22":2,"23":10,"24":4,"25":10,"26":4,"27":4,"28":2},"f":{"0":0,"1":4,"2":10,"3":4,"4":10,"5":4},"b":{"0":[0],"1":[0],"2":[0,0],"3":[0,0],"4":[0],"5":[2],"6":[10,4],"7":[0,2],"8":[2,2],"9":[10,6]}}}