{"total": {"lines":{"total":32,"covered":24,"skipped":0,"pct":75},"statements":{"total":34,"covered":26,"skipped":0,"pct":76.47},"functions":{"total":4,"covered":3,"skipped":0,"pct":75},"branches":{"total":19,"covered":7,"skipped":0,"pct":36.84},"branchesTrue":{"total":0,"covered":0,"skipped":0,"pct":"Unknown"}}
,"/home/runner/work/unstoppable-domains-website/unstoppable-domains-website/shared/src/nfts/index.ts": {"lines":{"total":24,"covered":16,"skipped":0,"pct":66.66},"functions":{"total":2,"covered":1,"skipped":0,"pct":50},"statements":{"total":26,"covered":18,"skipped":0,"pct":69.23},"branches":{"total":15,"covered":3,"skipped":0,"pct":20}}
,"/home/runner/work/unstoppable-domains-website/unstoppable-domains-website/shared/src/nfts/types.ts": {"lines":{"total":8,"covered":8,"skipped":0,"pct":100},"functions":{"total":2,"covered":2,"skipped":0,"pct":100},"statements":{"total":8,"covered":8,"skipped":0,"pct":100},"branches":{"total":4,"covered":4,"skipped":0,"pct":100}}
}
