{"total": {"lines":{"total":28,"covered":21,"skipped":0,"pct":75},"statements":{"total":29,"covered":22,"skipped":0,"pct":75.86},"functions":{"total":6,"covered":5,"skipped":0,"pct":83.33},"branches":{"total":16,"covered":8,"skipped":0,"pct":50},"branchesTrue":{"total":0,"covered":0,"skipped":0,"pct":"Unknown"}}
,"/home/runner/work/unstoppable-domains-website/unstoppable-domains-website/shared/src/resolution/index.ts": {"lines":{"total":28,"covered":21,"skipped":0,"pct":75},"functions":{"total":6,"covered":5,"skipped":0,"pct":83.33},"statements":{"total":29,"covered":22,"skipped":0,"pct":75.86},"branches":{"total":16,"covered":8,"skipped":0,"pct":50}}
}
