{"/home/runner/work/unstoppable-domains-website/unstoppable-domains-website/shared/src/resolution/index.ts": {"path":"/home/runner/work/unstoppable-domains-website/unstoppable-domains-website/shared/src/resolution/index.ts","statementMap":{"0":{"start":{"line":2,"column":0},"end":{"line":2,"column":63}},"1":{"start":{"line":8,"column":0},"end":{"line":8,"column":35}},"2":{"start":{"line":9,"column":0},"end":{"line":9,"column":37}},"3":{"start":{"line":10,"column":0},"end":{"line":10,"column":35}},"4":{"start":{"line":11,"column":0},"end":{"line":11,"column":24}},"5":{"start":{"line":17,"column":33},"end":{"line":29,"column":1}},"6":{"start":{"line":21,"column":2},"end":{"line":23,"column":null}},"7":{"start":{"line":22,"column":4},"end":{"line":22,"column":17}},"8":{"start":{"line":24,"column":2},"end":{"line":26,"column":null}},"9":{"start":{"line":25,"column":4},"end":{"line":25,"column":16}},"10":{"start":{"line":27,"column":21},"end":{"line":27,"column":59}},"11":{"start":{"line":28,"column":2},"end":{"line":28,"column":41}},"12":{"start":{"line":17,"column":13},"end":{"line":17,"column":33}},"13":{"start":{"line":31,"column":21},"end":{"line":31,"column":39}},"14":{"start":{"line":32,"column":22},"end":{"line":32,"column":70}},"15":{"start":{"line":33,"column":34},"end":{"line":34,"column":null}},"16":{"start":{"line":40,"column":2},"end":{"line":42,"column":null}},"17":{"start":{"line":41,"column":4},"end":{"line":41,"column":14}},"18":{"start":{"line":43,"column":2},"end":{"line":54,"column":4}},"19":{"start":{"line":46,"column":6},"end":{"line":50,"column":null}},"20":{"start":{"line":47,"column":55},"end":{"line":47,"column":69}},"21":{"start":{"line":48,"column":8},"end":{"line":48,"column":59}},"22":{"start":{"line":49,"column":8},"end":{"line":49,"column":37}},"23":{"start":{"line":51,"column":6},"end":{"line":51,"column":15}},"24":{"start":{"line":58,"column":20},"end":{"line":60,"column":null}},"25":{"start":{"line":59,"column":30},"end":{"line":59,"column":66}},"26":{"start":{"line":60,"column":15},"end":{"line":60,"column":30}},"27":{"start":{"line":63,"column":2},"end":{"line":66,"column":4}},"28":{"start":{"line":57,"column":0},"end":{"line":57,"column":16}}},"fnMap":{"0":{"name":"(anonymous_0)","decl":{"start":{"line":17,"column":33},"end":{"line":17,"column":null}},"loc":{"start":{"line":20,"column":13},"end":{"line":29,"column":1}}},"1":{"name":"mapMultiCoinAddresses","decl":{"start":{"line":37,"column":9},"end":{"line":37,"column":30}},"loc":{"start":{"line":38,"column":40},"end":{"line":55,"column":1}}},"2":{"name":"(anonymous_2)","decl":{"start":{"line":45,"column":4},"end":{"line":45,"column":5}},"loc":{"start":{"line":45,"column":24},"end":{"line":52,"column":5}}},"3":{"name":"parseRecords","decl":{"start":{"line":57,"column":16},"end":{"line":57,"column":28}},"loc":{"start":{"line":57,"column":60},"end":{"line":67,"column":1}}},"4":{"name":"(anonymous_4)","decl":{"start":{"line":59,"column":20},"end":{"line":59,"column":21}},"loc":{"start":{"line":59,"column":30},"end":{"line":59,"column":66}}},"5":{"name":"(anonymous_5)","decl":{"start":{"line":60,"column":4},"end":{"line":60,"column":5}},"loc":{"start":{"line":60,"column":15},"end":{"line":60,"column":30}}}},"branchMap":{"0":{"loc":{"start":{"line":21,"column":2},"end":{"line":23,"column":null}},"type":"if","locations":[{"start":{"line":21,"column":2},"end":{"line":23,"column":null}}]},"1":{"loc":{"start":{"line":24,"column":2},"end":{"line":26,"column":null}},"type":"if","locations":[{"start":{"line":24,"column":2},"end":{"line":26,"column":null}}]},"2":{"loc":{"start":{"line":24,"column":6},"end":{"line":24,"column":48}},"type":"binary-expr","locations":[{"start":{"line":24,"column":6},"end":{"line":24,"column":26}},{"start":{"line":24,"column":30},"end":{"line":24,"column":48}}]},"3":{"loc":{"start":{"line":27,"column":21},"end":{"line":27,"column":59}},"type":"cond-expr","locations":[{"start":{"line":27,"column":44},"end":{"line":27,"column":49}},{"start":{"line":27,"column":52},"end":{"line":27,"column":59}}]},"4":{"loc":{"start":{"line":40,"column":2},"end":{"line":42,"column":null}},"type":"if","locations":[{"start":{"line":40,"column":2},"end":{"line":42,"column":null}}]},"5":{"loc":{"start":{"line":46,"column":6},"end":{"line":50,"column":null}},"type":"if","locations":[{"start":{"line":46,"column":6},"end":{"line":50,"column":null}}]},"6":{"loc":{"start":{"line":46,"column":10},"end":{"line":46,"column":66}},"type":"binary-expr","locations":[{"start":{"line":46,"column":10},"end":{"line":46,"column":46}},{"start":{"line":46,"column":50},"end":{"line":46,"column":66}}]},"7":{"loc":{"start":{"line":48,"column":20},"end":{"line":48,"column":58}},"type":"cond-expr","locations":[{"start":{"line":48,"column":29},"end":{"line":48,"column":34}},{"start":{"line":48,"column":34},"end":{"line":48,"column":58}}]},"8":{"loc":{"start":{"line":48,"column":20},"end":{"line":48,"column":34}},"type":"binary-expr","locations":[{"start":{"line":48,"column":20},"end":{"line":48,"column":34}},{"start":{"line":48,"column":29},"end":{"line":48,"column":34}}]},"9":{"loc":{"start":{"line":59,"column":30},"end":{"line":59,"column":66}},"type":"binary-expr","locations":[{"start":{"line":59,"column":30},"end":{"line":59,"column":40}},{"start":{"line":59,"column":44},"end":{"line":59,"column":66}}]}},"s":{"0":1,"1":1,"2":1,"3":1,"4":1,"5":1,"6":0,"7":0,"8":0,"9":0,"10":0,"11":0,"12":1,"13":1,"14":1,"15":1,"16":2,"17":0,"18":2,"19":5,"20":1,"21":1,"22":1,"23":5,"24":2,"25":5,"26":2,"27":2,"28":1},"f":{"0":0,"1":2,"2":5,"3":2,"4":5,"5":2},"b":{"0":[0],"1":[0],"2":[0,0],"3":[0,0],"4":[0],"5":[1],"6":[5,2],"7":[0,1],"8":[1,1],"9":[5,3]}}
}
