TN:
SF:src/resolution/index.ts
FN:17,(anonymous_0)
FN:37,mapMultiCoinAddresses
FN:45,(anonymous_2)
FN:57,parseRecords
FN:59,(anonymous_4)
FN:60,(anonymous_5)
FNF:6
FNH:5
FNDA:0,(anonymous_0)
FNDA:2,mapMultiCoinAddresses
FNDA:5,(anonymous_2)
FNDA:2,parseRecords
FNDA:5,(anonymous_4)
FNDA:2,(anonymous_5)
DA:2,1
DA:8,1
DA:9,1
DA:10,1
DA:11,1
DA:17,1
DA:21,0
DA:22,0
DA:24,0
DA:25,0
DA:27,0
DA:28,0
DA:31,1
DA:32,1
DA:33,1
DA:40,2
DA:41,0
DA:43,2
DA:46,5
DA:47,1
DA:48,1
DA:49,1
DA:51,5
DA:57,1
DA:58,2
DA:59,5
DA:60,2
DA:63,2
LF:28
LH:21
BRDA:21,0,0,0
BRDA:24,1,0,0
BRDA:24,2,0,0
BRDA:24,2,1,0
BRDA:27,3,0,0
BRDA:27,3,1,0
BRDA:40,4,0,0
BRDA:46,5,0,1
BRDA:46,6,0,5
BRDA:46,6,1,2
BRDA:48,7,0,0
BRDA:48,7,1,1
BRDA:48,8,0,1
BRDA:48,8,1,1
BRDA:59,9,0,5
BRDA:59,9,1,3
BRF:16
BRH:8
end_of_record
