{"/home/runner/work/unstoppable-domains-website/unstoppable-domains-website/shared/src/reseller/index.ts": {"path":"/home/runner/work/unstoppable-domains-website/unstoppable-domains-website/shared/src/reseller/index.ts","statementMap":{"0":{"start":{"line":1,"column":0},"end":{"line":1,"column":24}},"1":{"start":{"line":7,"column":16},"end":{"line":7,"column":66}},"2":{"start":{"line":9,"column":2},"end":{"line":15,"column":4}},"3":{"start":{"line":4,"column":0},"end":{"line":4,"column":16}}},"fnMap":{"0":{"name":"isTypeofResellerPaidDomainsFlow","decl":{"start":{"line":4,"column":16},"end":{"line":4,"column":47}},"loc":{"start":{"line":5,"column":34},"end":{"line":16,"column":1}}}},"branchMap":{"0":{"loc":{"start":{"line":10,"column":4},"end":{"line":14,"column":46}},"type":"binary-expr","locations":[{"start":{"line":10,"column":4},"end":{"line":10,"column":39}},{"start":{"line":11,"column":4},"end":{"line":11,"column":40}},{"start":{"line":12,"column":4},"end":{"line":12,"column":37}},{"start":{"line":13,"column":4},"end":{"line":13,"column":37}},{"start":{"line":14,"column":4},"end":{"line":14,"column":46}}]}},"s":{"0":1,"1":3,"2":3,"3":1},"f":{"0":3},"b":{"0":[3,3,3,2,2]}}
}
