{"/home/runner/work/unstoppable-domains-website/unstoppable-domains-website/shared/src/price/index.ts": {"path":"/home/runner/work/unstoppable-domains-website/unstoppable-domains-website/shared/src/price/index.ts","statementMap":{"0":{"start":{"line":6,"column":35},"end":{"line":8,"column":1}},"1":{"start":{"line":7,"column":2},"end":{"line":7,"column":20}},"2":{"start":{"line":6,"column":13},"end":{"line":6,"column":35}},"3":{"start":{"line":15,"column":37},"end":{"line":17,"column":1}},"4":{"start":{"line":16,"column":2},"end":{"line":16,"column":53}},"5":{"start":{"line":15,"column":13},"end":{"line":15,"column":37}}},"fnMap":{"0":{"name":"(anonymous_0)","decl":{"start":{"line":6,"column":35},"end":{"line":6,"column":36}},"loc":{"start":{"line":6,"column":60},"end":{"line":8,"column":1}}},"1":{"name":"(anonymous_1)","decl":{"start":{"line":15,"column":37},"end":{"line":15,"column":38}},"loc":{"start":{"line":15,"column":62},"end":{"line":17,"column":1}}}},"branchMap":{},"s":{"0":1,"1":3,"2":1,"3":1,"4":3,"5":1},"f":{"0":3,"1":3},"b":{}}
}
