{"total": {"lines":{"total":160,"covered":112,"skipped":0,"pct":70},"statements":{"total":183,"covered":131,"skipped":0,"pct":71.58},"functions":{"total":37,"covered":17,"skipped":0,"pct":45.94},"branches":{"total":63,"covered":26,"skipped":0,"pct":41.26},"branchesTrue":{"total":0,"covered":0,"skipped":0,"pct":100}}
,"/home/runner/work/unstoppable-domains-website/unstoppable-domains-website/shared/src/domain/index.ts": {"lines":{"total":95,"covered":48,"skipped":0,"pct":50.52},"functions":{"total":25,"covered":6,"skipped":0,"pct":24},"statements":{"total":113,"covered":63,"skipped":0,"pct":55.75},"branches":{"total":36,"covered":0,"skipped":0,"pct":0}}
,"/home/runner/work/unstoppable-domains-website/unstoppable-domains-website/shared/src/domain/types.ts": {"lines":{"total":36,"covered":36,"skipped":0,"pct":100},"functions":{"total":7,"covered":7,"skipped":0,"pct":100},"statements":{"total":36,"covered":36,"skipped":0,"pct":100},"branches":{"total":14,"covered":14,"skipped":0,"pct":100}}
,"/home/runner/work/unstoppable-domains-website/unstoppable-domains-website/shared/src/search/index.ts": {"lines":{"total":25,"covered":24,"skipped":0,"pct":96},"functions":{"total":4,"covered":3,"skipped":0,"pct":75},"statements":{"total":30,"covered":28,"skipped":0,"pct":93.33},"branches":{"total":11,"covered":10,"skipped":0,"pct":90.9}}
,"/home/runner/work/unstoppable-domains-website/unstoppable-domains-website/shared/src/search/types.ts": {"lines":{"total":4,"covered":4,"skipped":0,"pct":100},"functions":{"total":1,"covered":1,"skipped":0,"pct":100},"statements":{"total":4,"covered":4,"skipped":0,"pct":100},"branches":{"total":2,"covered":2,"skipped":0,"pct":100}}
}
