{"/home/runner/work/unstoppable-domains-website/unstoppable-domains-website/shared/src/zipCode/index.ts": {"path":"/home/runner/work/unstoppable-domains-website/unstoppable-domains-website/shared/src/zipCode/index.ts","statementMap":{"0":{"start":{"line":1,"column":13},"end":{"line":1,"column":37}},"1":{"start":{"line":2,"column":13},"end":{"line":2,"column":37}},"2":{"start":{"line":4,"column":31},"end":{"line":134,"column":1}},"3":{"start":{"line":9,"column":2},"end":{"line":13,"column":null}},"4":{"start":{"line":10,"column":4},"end":{"line":12,"column":6}},"5":{"start":{"line":16,"column":24},"end":{"line":16,"column":76}},"6":{"start":{"line":18,"column":2},"end":{"line":20,"column":null}},"7":{"start":{"line":19,"column":4},"end":{"line":19,"column":44}},"8":{"start":{"line":23,"column":17},"end":{"line":124,"column":4}},"9":{"start":{"line":126,"column":16},"end":{"line":128,"column":4}},"10":{"start":{"line":127,"column":4},"end":{"line":127,"column":60}},"11":{"start":{"line":130,"column":2},"end":{"line":132,"column":null}},"12":{"start":{"line":131,"column":4},"end":{"line":131,"column":32}},"13":{"start":{"line":133,"column":2},"end":{"line":133,"column":52}},"14":{"start":{"line":4,"column":13},"end":{"line":4,"column":31}}},"fnMap":{"0":{"name":"(anonymous_0)","decl":{"start":{"line":4,"column":31},"end":{"line":4,"column":null}},"loc":{"start":{"line":6,"column":34},"end":{"line":134,"column":1}}},"1":{"name":"(anonymous_1)","decl":{"start":{"line":126,"column":30},"end":{"line":126,"column":40}},"loc":{"start":{"line":126,"column":41},"end":{"line":128,"column":3}}}},"branchMap":{"0":{"loc":{"start":{"line":9,"column":2},"end":{"line":13,"column":null}},"type":"if","locations":[{"start":{"line":9,"column":2},"end":{"line":13,"column":null}}]},"1":{"loc":{"start":{"line":18,"column":2},"end":{"line":20,"column":null}},"type":"if","locations":[{"start":{"line":18,"column":2},"end":{"line":20,"column":null}}]},"2":{"loc":{"start":{"line":127,"column":11},"end":{"line":127,"column":59}},"type":"binary-expr","locations":[{"start":{"line":127,"column":11},"end":{"line":127,"column":33}},{"start":{"line":127,"column":37},"end":{"line":127,"column":59}}]},"3":{"loc":{"start":{"line":130,"column":2},"end":{"line":132,"column":null}},"type":"if","locations":[{"start":{"line":130,"column":2},"end":{"line":132,"column":null}}]}},"s":{"0":1,"1":1,"2":1,"3":56,"4":1,"5":55,"6":55,"7":1,"8":54,"9":54,"10":5130,"11":54,"12":1,"13":53,"14":1},"f":{"0":56,"1":5130},"b":{"0":[1],"1":[1],"2":[5130,2577],"3":[1]}}
}
