{"total": {"lines":{"total":163,"covered":113,"skipped":0,"pct":69.32},"statements":{"total":186,"covered":132,"skipped":0,"pct":70.96},"functions":{"total":37,"covered":17,"skipped":0,"pct":45.94},"branches":{"total":66,"covered":26,"skipped":0,"pct":39.39},"branchesTrue":{"total":0,"covered":0,"skipped":0,"pct":100}}
,"/home/runner/work/unstoppable-domains-website/unstoppable-domains-website/shared/src/domain/index.ts": {"lines":{"total":97,"covered":48,"skipped":0,"pct":49.48},"functions":{"total":25,"covered":6,"skipped":0,"pct":24},"statements":{"total":115,"covered":63,"skipped":0,"pct":54.78},"branches":{"total":39,"covered":0,"skipped":0,"pct":0}}
,"/home/runner/work/unstoppable-domains-website/unstoppable-domains-website/shared/src/domain/types.ts": {"lines":{"total":37,"covered":37,"skipped":0,"pct":100},"functions":{"total":7,"covered":7,"skipped":0,"pct":100},"statements":{"total":37,"covered":37,"skipped":0,"pct":100},"branches":{"total":14,"covered":14,"skipped":0,"pct":100}}
,"/home/runner/work/unstoppable-domains-website/unstoppable-domains-website/shared/src/search/index.ts": {"lines":{"total":25,"covered":24,"skipped":0,"pct":96},"functions":{"total":4,"covered":3,"skipped":0,"pct":75},"statements":{"total":30,"covered":28,"skipped":0,"pct":93.33},"branches":{"total":11,"covered":10,"skipped":0,"pct":90.9}}
,"/home/runner/work/unstoppable-domains-website/unstoppable-domains-website/shared/src/search/types.ts": {"lines":{"total":4,"covered":4,"skipped":0,"pct":100},"functions":{"total":1,"covered":1,"skipped":0,"pct":100},"statements":{"total":4,"covered":4,"skipped":0,"pct":100},"branches":{"total":2,"covered":2,"skipped":0,"pct":100}}
}
