{"/home/runner/work/unstoppable-domains-website/unstoppable-domains-website/shared/src/email/index.ts": {"path":"/home/runner/work/unstoppable-domains-website/unstoppable-domains-website/shared/src/email/index.ts","statementMap":{"0":{"start":{"line":2,"column":2},"end":{"line":2,"column":154}},"1":{"start":{"line":4,"column":28},"end":{"line":6,"column":1}},"2":{"start":{"line":5,"column":2},"end":{"line":5,"column":67}},"3":{"start":{"line":4,"column":13},"end":{"line":4,"column":28}},"4":{"start":{"line":8,"column":27},"end":{"line":14,"column":1}},"5":{"start":{"line":9,"column":2},"end":{"line":13,"column":null}},"6":{"start":{"line":10,"column":4},"end":{"line":10,"column":44}},"7":{"start":{"line":12,"column":4},"end":{"line":12,"column":16}},"8":{"start":{"line":8,"column":13},"end":{"line":8,"column":27}},"9":{"start":{"line":16,"column":13},"end":{"line":16,"column":62}},"10":{"start":{"line":17,"column":13},"end":{"line":17,"column":68}},"11":{"start":{"line":18,"column":13},"end":{"line":18,"column":80}},"12":{"start":{"line":19,"column":13},"end":{"line":19,"column":65}},"13":{"start":{"line":20,"column":13},"end":{"line":20,"column":74}},"14":{"start":{"line":21,"column":13},"end":{"line":21,"column":63}},"15":{"start":{"line":22,"column":13},"end":{"line":22,"column":58}},"16":{"start":{"line":23,"column":13},"end":{"line":23,"column":68}}},"fnMap":{"0":{"name":"(anonymous_0)","decl":{"start":{"line":4,"column":28},"end":{"line":4,"column":29}},"loc":{"start":{"line":4,"column":55},"end":{"line":6,"column":1}}},"1":{"name":"(anonymous_1)","decl":{"start":{"line":8,"column":27},"end":{"line":8,"column":28}},"loc":{"start":{"line":8,"column":67},"end":{"line":14,"column":1}}}},"branchMap":{"0":{"loc":{"start":{"line":5,"column":9},"end":{"line":5,"column":66}},"type":"binary-expr","locations":[{"start":{"line":5,"column":9},"end":{"line":5,"column":16}},{"start":{"line":5,"column":20},"end":{"line":5,"column":43}},{"start":{"line":5,"column":47},"end":{"line":5,"column":66}}]}},"s":{"0":1,"1":1,"2":4,"3":1,"4":1,"5":4,"6":4,"7":1,"8":1,"9":1,"10":1,"11":1,"12":1,"13":1,"14":1,"15":1,"16":1},"f":{"0":4,"1":4},"b":{"0":[4,4,1]}}
}
